2025-08-26 11:00:24,674 - DEBUG - прочили PDF C:\Users\SilantevGN\Desktop\Образцы файлов для разбора\клетка-изолятор\что то 2.pdf
2025-08-26 11:00:24,682 - DEBUG - прочили excel C:\Users\SilantevGN\Desktop\Образцы файлов для разбора\клетка-изолятор\что то 4.xlsx
2025-08-26 11:00:25,111 - DEBUG - прочили excel C:\Users\SilantevGN\Desktop\Образцы файлов для разбора\клетка-изолятор\что то 4.xlsx
2025-08-26 11:35:09,526 - DEBUG - прочили PDF C:\Users\SilantevGN\Desktop\Образцы файлов для разбора\клетка-изолятор\что то 2.pdf
2025-08-26 11:35:09,532 - DEBUG - прочили excel C:\Users\SilantevGN\Desktop\Образцы файлов для разбора\клетка-изолятор\что то 4.xlsx
2025-08-26 11:35:09,756 - DEBUG - прочили excel C:\Users\SilantevGN\Desktop\Образцы файлов для разбора\клетка-изолятор\что то 4.xlsx
2025-08-26 13:45:51,552 - DEBUG - прочили PDF C:\Users\SilantevGN\Desktop\Образцы файлов для разбора\клетка-изолятор\что то 2.pdf
2025-08-26 13:45:51,558 - DEBUG - прочили excel C:\Users\SilantevGN\Desktop\Образцы файлов для разбора\клетка-изолятор\что то 4.xlsx
2025-08-26 13:45:51,856 - DEBUG - прочили excel C:\Users\SilantevGN\Desktop\Образцы файлов для разбора\клетка-изолятор\что то 4.xlsx
2025-08-26 13:51:57,189 - DEBUG - прочили PDF C:\Users\SilantevGN\Desktop\Образцы файлов для разбора\клетка-изолятор\что то 2.pdf
2025-08-26 13:51:57,193 - DEBUG - ШАМПУНЬ ЖУМАЙСЫНБА! гранд-смета, версия 2023.3 приложение № 5, сводн[а-яё]*.*?смет[а-яё]*.*?№!!!!!!
2025-08-26 13:51:57,193 - DEBUG - ШАМПУНЬ ЖУМАЙСЫНБА! утверждено приказом № 421 от 4 августа 2020 г. минстроя рф, сводн[а-яё]*.*?смет[а-яё]*.*?№!!!!!!
2025-08-26 13:51:57,193 - DEBUG - ШАМПУНЬ ЖУМАЙСЫНБА! , сводн[а-яё]*.*?смет[а-яё]*.*?№!!!!!!
2025-08-26 13:51:57,194 - DEBUG - ШАМПУНЬ ЖУМАЙСЫНБА! туртасское лпумг, сводн[а-яё]*.*?смет[а-яё]*.*?№!!!!!!
2025-08-26 13:51:57,194 - DEBUG - ШАМПУНЬ ЖУМАЙСЫНБА! , сводн[а-яё]*.*?смет[а-яё]*.*?№!!!!!!
2025-08-26 13:51:57,194 - DEBUG - ШАМПУНЬ ЖУМАЙСЫНБА! {наименование филиала}, сводн[а-яё]*.*?смет[а-яё]*.*?№!!!!!!
2025-08-26 13:51:57,195 - DEBUG - ШАМПУНЬ ЖУМАЙСЫНБА! , сводн[а-яё]*.*?смет[а-яё]*.*?№!!!!!!
2025-08-26 13:51:57,195 - DEBUG - ШАМПУНЬ ЖУМАЙСЫНБА! текущий ремонт стационарного грузоподъемного оборудования компрессорных станций, сводн[а-яё]*.*?смет[а-яё]*.*?№!!!!!!
2025-08-26 13:51:57,195 - DEBUG - ШАМПУНЬ ЖУМАЙСЫНБА! для нужд ооо "газпром трансгаз с т" в 2026 году., сводн[а-яё]*.*?смет[а-яё]*.*?№!!!!!!
2025-08-26 13:51:57,195 - DEBUG - ШАМПУНЬ ЖУМАЙСЫНБА! , сводн[а-яё]*.*?смет[а-яё]*.*?№!!!!!!
2025-08-26 13:51:57,196 - DEBUG - ШАМПУНЬ ЖУМАЙСЫНБА! (наименование объекта}, сводн[а-яё]*.*?смет[а-яё]*.*?№!!!!!!
2025-08-26 13:51:57,196 - DEBUG - ШАМПУНЬ ЖУМАЙСЫНБА! , сводн[а-яё]*.*?смет[а-яё]*.*?№!!!!!!
2025-08-26 13:51:57,196 - DEBUG - ШАМПУНЬ ЖУМАЙСЫНБА! сводная смета № gtsrg/1031/76/2026, сводн[а-яё]*.*?смет[а-яё]*.*?№!!!!!!
2025-08-26 13:51:57,196 - DEBUG - ШАМПУНЬ ЖУМАЙСЫНБА! , сводн[а-яё]*.*?смет[а-яё]*.*?№!!!!!!
2025-08-26 13:51:57,197 - DEBUG - ШАМПУНЬ ЖУМАЙСЫНБА! основание ведомость дефектов, сводн[а-яё]*.*?смет[а-яё]*.*?№!!!!!!
2025-08-26 13:51:57,197 - DEBUG - ШАМПУНЬ ЖУМАЙСЫНБА! , сводн[а-яё]*.*?смет[а-яё]*.*?№!!!!!!
2025-08-26 13:51:57,197 - DEBUG - ШАМПУНЬ ЖУМАЙСЫНБА! {проектная и (или) иная техническая документация), сводн[а-яё]*.*?смет[а-яё]*.*?№!!!!!!
2025-08-26 13:51:57,197 - DEBUG - ШАМПУНЬ ЖУМАЙСЫНБА! , сводн[а-яё]*.*?смет[а-яё]*.*?№!!!!!!
2025-08-26 13:51:57,198 - DEBUG - ШАМПУНЬ ЖУМАЙСЫНБА! сметная стоимость (с учётом ндс) 1934875,11 руб., сводн[а-яё]*.*?смет[а-яё]*.*?№!!!!!!
2025-08-26 13:51:57,198 - DEBUG - ШАМПУНЬ ЖУМАЙСЫНБА! , сводн[а-яё]*.*?смет[а-яё]*.*?№!!!!!!
2025-08-26 13:51:57,200 - DEBUG - прочили excel C:\Users\SilantevGN\Desktop\Образцы файлов для разбора\клетка-изолятор\что то 4.xlsx
2025-08-26 13:51:57,418 - DEBUG - прочили excel C:\Users\SilantevGN\Desktop\Образцы файлов для разбора\клетка-изолятор\что то 4.xlsx
2025-08-26 13:53:20,915 - DEBUG - прочили PDF C:\Users\SilantevGN\Desktop\Образцы файлов для разбора\клетка-изолятор\что то 2.pdf
2025-08-26 13:53:20,918 - DEBUG - ШАМПУНЬ ЖУМАЙСЫНБА! гранд-смета, версия 2023.3 приложение № 5, сводн[а-яё]*.*?смет[а-яё]*.*?№!!!!!!
2025-08-26 13:53:20,919 - DEBUG - ШАМПУНЬ ЖУМАЙСЫНБА! утверждено приказом № 421 от 4 августа 2020 г. минстроя рф, сводн[а-яё]*.*?смет[а-яё]*.*?№!!!!!!
2025-08-26 13:53:20,919 - DEBUG - ШАМПУНЬ ЖУМАЙСЫНБА! , сводн[а-яё]*.*?смет[а-яё]*.*?№!!!!!!
2025-08-26 13:53:20,919 - DEBUG - ШАМПУНЬ ЖУМАЙСЫНБА! туртасское лпумг, сводн[а-яё]*.*?смет[а-яё]*.*?№!!!!!!
2025-08-26 13:53:20,919 - DEBUG - ШАМПУНЬ ЖУМАЙСЫНБА! , сводн[а-яё]*.*?смет[а-яё]*.*?№!!!!!!
2025-08-26 13:53:20,920 - DEBUG - ШАМПУНЬ ЖУМАЙСЫНБА! {наименование филиала}, сводн[а-яё]*.*?смет[а-яё]*.*?№!!!!!!
2025-08-26 13:53:20,920 - DEBUG - ШАМПУНЬ ЖУМАЙСЫНБА! , сводн[а-яё]*.*?смет[а-яё]*.*?№!!!!!!
2025-08-26 13:53:20,920 - DEBUG - ШАМПУНЬ ЖУМАЙСЫНБА! текущий ремонт стационарного грузоподъемного оборудования компрессорных станций, сводн[а-яё]*.*?смет[а-яё]*.*?№!!!!!!
2025-08-26 13:53:20,920 - DEBUG - ШАМПУНЬ ЖУМАЙСЫНБА! для нужд ооо "газпром трансгаз с т" в 2026 году., сводн[а-яё]*.*?смет[а-яё]*.*?№!!!!!!
2025-08-26 13:53:20,921 - DEBUG - ШАМПУНЬ ЖУМАЙСЫНБА! , сводн[а-яё]*.*?смет[а-яё]*.*?№!!!!!!
2025-08-26 13:53:20,921 - DEBUG - ШАМПУНЬ ЖУМАЙСЫНБА! (наименование объекта}, сводн[а-яё]*.*?смет[а-яё]*.*?№!!!!!!
2025-08-26 13:53:20,921 - DEBUG - ШАМПУНЬ ЖУМАЙСЫНБА! , сводн[а-яё]*.*?смет[а-яё]*.*?№!!!!!!
2025-08-26 13:53:20,921 - DEBUG - ШАМПУНЬ ЖУМАЙСЫНБА! сводная смета № gtsrg/1031/76/2026, сводн[а-яё]*.*?смет[а-яё]*.*?№!!!!!!
2025-08-26 13:53:20,921 - DEBUG - ШАМПУНЬ ЖУМАЙСЫНБА! , сводн[а-яё]*.*?смет[а-яё]*.*?№!!!!!!
2025-08-26 13:53:20,922 - DEBUG - ШАМПУНЬ ЖУМАЙСЫНБА! основание ведомость дефектов, сводн[а-яё]*.*?смет[а-яё]*.*?№!!!!!!
2025-08-26 13:53:20,922 - DEBUG - ШАМПУНЬ ЖУМАЙСЫНБА! , сводн[а-яё]*.*?смет[а-яё]*.*?№!!!!!!
2025-08-26 13:53:20,922 - DEBUG - ШАМПУНЬ ЖУМАЙСЫНБА! {проектная и (или) иная техническая документация), сводн[а-яё]*.*?смет[а-яё]*.*?№!!!!!!
2025-08-26 13:53:20,922 - DEBUG - ШАМПУНЬ ЖУМАЙСЫНБА! , сводн[а-яё]*.*?смет[а-яё]*.*?№!!!!!!
2025-08-26 13:53:20,923 - DEBUG - ШАМПУНЬ ЖУМАЙСЫНБА! сметная стоимость (с учётом ндс) 1934875,11 руб., сводн[а-яё]*.*?смет[а-яё]*.*?№!!!!!!
2025-08-26 13:53:20,923 - DEBUG - ШАМПУНЬ ЖУМАЙСЫНБА! , сводн[а-яё]*.*?смет[а-яё]*.*?№!!!!!!
2025-08-26 13:53:20,925 - DEBUG - прочили excel C:\Users\SilantevGN\Desktop\Образцы файлов для разбора\клетка-изолятор\что то 4.xlsx
2025-08-26 13:53:21,142 - DEBUG - прочили excel C:\Users\SilantevGN\Desktop\Образцы файлов для разбора\клетка-изолятор\что то 4.xlsx
2025-08-26 13:56:06,224 - DEBUG - прочили PDF C:\Users\SilantevGN\Desktop\Образцы файлов для разбора\клетка-изолятор\что то 2.pdf
2025-08-26 13:56:06,227 - DEBUG - ШАМПУНЬ ЖУМАЙСЫНБА! гранд-смета, версия 2023.3 приложение № 5, сводн[а-яё]*.*?смет[а-яё]*.*?№!!!!!!
2025-08-26 13:56:06,227 - DEBUG - ШАМПУНЬ ЖУМАЙСЫНБА! утверждено приказом № 421 от 4 августа 2020 г. минстроя рф, сводн[а-яё]*.*?смет[а-яё]*.*?№!!!!!!
2025-08-26 13:56:06,228 - DEBUG - ШАМПУНЬ ЖУМАЙСЫНБА! , сводн[а-яё]*.*?смет[а-яё]*.*?№!!!!!!
2025-08-26 13:56:06,228 - DEBUG - ШАМПУНЬ ЖУМАЙСЫНБА! туртасское лпумг, сводн[а-яё]*.*?смет[а-яё]*.*?№!!!!!!
2025-08-26 13:56:06,228 - DEBUG - ШАМПУНЬ ЖУМАЙСЫНБА! , сводн[а-яё]*.*?смет[а-яё]*.*?№!!!!!!
2025-08-26 13:56:06,228 - DEBUG - ШАМПУНЬ ЖУМАЙСЫНБА! {наименование филиала}, сводн[а-яё]*.*?смет[а-яё]*.*?№!!!!!!
2025-08-26 13:56:06,228 - DEBUG - ШАМПУНЬ ЖУМАЙСЫНБА! , сводн[а-яё]*.*?смет[а-яё]*.*?№!!!!!!
2025-08-26 13:56:06,229 - DEBUG - ШАМПУНЬ ЖУМАЙСЫНБА! текущий ремонт стационарного грузоподъемного оборудования компрессорных станций, сводн[а-яё]*.*?смет[а-яё]*.*?№!!!!!!
2025-08-26 13:56:06,229 - DEBUG - ШАМПУНЬ ЖУМАЙСЫНБА! для нужд ооо "газпром трансгаз с т" в 2026 году., сводн[а-яё]*.*?смет[а-яё]*.*?№!!!!!!
2025-08-26 13:56:06,229 - DEBUG - ШАМПУНЬ ЖУМАЙСЫНБА! , сводн[а-яё]*.*?смет[а-яё]*.*?№!!!!!!
2025-08-26 13:56:06,229 - DEBUG - ШАМПУНЬ ЖУМАЙСЫНБА! (наименование объекта}, сводн[а-яё]*.*?смет[а-яё]*.*?№!!!!!!
2025-08-26 13:56:06,230 - DEBUG - ШАМПУНЬ ЖУМАЙСЫНБА! , сводн[а-яё]*.*?смет[а-яё]*.*?№!!!!!!
2025-08-26 13:56:06,230 - DEBUG - ШАМПУНЬ ЖУМАЙСЫНБА! сводная смета № gtsrg/1031/76/2026, сводн[а-яё]*.*?смет[а-яё]*.*?№!!!!!!
2025-08-26 13:56:06,230 - DEBUG - ШАМПУНЬ ЖУМАЙСЫНБА! , сводн[а-яё]*.*?смет[а-яё]*.*?№!!!!!!
2025-08-26 13:56:06,230 - DEBUG - ШАМПУНЬ ЖУМАЙСЫНБА! основание ведомость дефектов, сводн[а-яё]*.*?смет[а-яё]*.*?№!!!!!!
2025-08-26 13:56:06,230 - DEBUG - ШАМПУНЬ ЖУМАЙСЫНБА! , сводн[а-яё]*.*?смет[а-яё]*.*?№!!!!!!
2025-08-26 13:56:06,230 - DEBUG - ШАМПУНЬ ЖУМАЙСЫНБА! {проектная и (или) иная техническая документация), сводн[а-яё]*.*?смет[а-яё]*.*?№!!!!!!
2025-08-26 13:56:06,231 - DEBUG - ШАМПУНЬ ЖУМАЙСЫНБА! , сводн[а-яё]*.*?смет[а-яё]*.*?№!!!!!!
2025-08-26 13:56:06,231 - DEBUG - ШАМПУНЬ ЖУМАЙСЫНБА! сметная стоимость (с учётом ндс) 1934875,11 руб., сводн[а-яё]*.*?смет[а-яё]*.*?№!!!!!!
2025-08-26 13:56:06,231 - DEBUG - ШАМПУНЬ ЖУМАЙСЫНБА! , сводн[а-яё]*.*?смет[а-яё]*.*?№!!!!!!
2025-08-26 13:56:06,231 - DEBUG - ШАМПУНЬ ЖУМАЙСЫНБА! 
2025-08-26 13:56:06,231 - DEBUG - геометрия блин! 
2025-08-26 13:56:06,233 - DEBUG - прочили excel C:\Users\SilantevGN\Desktop\Образцы файлов для разбора\клетка-изолятор\что то 4.xlsx
2025-08-26 13:56:06,450 - DEBUG - прочили excel C:\Users\SilantevGN\Desktop\Образцы файлов для разбора\клетка-изолятор\что то 4.xlsx
2025-08-26 13:56:06,474 - DEBUG - ШАМПУНЬ ЖУМАЙСЫНБА! 
2025-08-26 13:56:06,474 - DEBUG - геометрия блин! 
2025-08-26 13:57:56,330 - DEBUG - прочили PDF C:\Users\SilantevGN\Desktop\Образцы файлов для разбора\клетка-изолятор\что то 2.pdf
2025-08-26 13:57:56,337 - DEBUG - ШАМПУНЬ ЖУМАЙСЫНБА! гранд-смета, версия 2023.3 приложение № 5, сводн[а-яё]*.*?смет[а-яё]*.*?№!!!!!!
2025-08-26 13:58:13,970 - DEBUG - ШАМПУНЬ ЖУМАЙСЫНБА! утверждено приказом № 421 от 4 августа 2020 г. минстроя рф, сводн[а-яё]*.*?смет[а-яё]*.*?№!!!!!!
2025-08-26 13:58:20,153 - DEBUG - ШАМПУНЬ ЖУМАЙСЫНБА! , сводн[а-яё]*.*?смет[а-яё]*.*?№!!!!!!
2025-08-26 13:58:22,468 - DEBUG - ШАМПУНЬ ЖУМАЙСЫНБА! туртасское лпумг, сводн[а-яё]*.*?смет[а-яё]*.*?№!!!!!!
2025-08-26 13:58:26,322 - DEBUG - ШАМПУНЬ ЖУМАЙСЫНБА! , сводн[а-яё]*.*?смет[а-яё]*.*?№!!!!!!
2025-08-26 13:58:29,538 - DEBUG - ШАМПУНЬ ЖУМАЙСЫНБА! {наименование филиала}, сводн[а-яё]*.*?смет[а-яё]*.*?№!!!!!!
2025-08-26 13:58:33,642 - DEBUG - ШАМПУНЬ ЖУМАЙСЫНБА! , сводн[а-яё]*.*?смет[а-яё]*.*?№!!!!!!
2025-08-26 13:58:39,754 - DEBUG - ШАМПУНЬ ЖУМАЙСЫНБА! текущий ремонт стационарного грузоподъемного оборудования компрессорных станций, сводн[а-яё]*.*?смет[а-яё]*.*?№!!!!!!
2025-08-26 13:58:49,826 - DEBUG - ШАМПУНЬ ЖУМАЙСЫНБА! для нужд ооо "газпром трансгаз с т" в 2026 году., сводн[а-яё]*.*?смет[а-яё]*.*?№!!!!!!
2025-08-26 14:00:00,258 - DEBUG - прочили excel C:\Users\SilantevGN\Desktop\Образцы файлов для разбора\клетка-изолятор\что то 4.xlsx
2025-08-26 14:00:00,619 - DEBUG - прочили excel C:\Users\SilantevGN\Desktop\Образцы файлов для разбора\клетка-изолятор\что то 4.xlsx
2025-08-26 14:00:00,643 - DEBUG - ШАМПУНЬ ЖУМАЙСЫНБА! 
2025-08-26 14:00:00,644 - DEBUG - геометрия блин! 
2025-08-26 14:07:22,430 - DEBUG - прочили excel C:\Users\SilantevGN\Desktop\Образцы файлов для разбора\клетка-изолятор\что то 4.xlsx
2025-08-26 14:07:22,652 - DEBUG - прочили excel C:\Users\SilantevGN\Desktop\Образцы файлов для разбора\клетка-изолятор\что то 4.xlsx
2025-08-26 14:07:22,676 - DEBUG - ШАМПУНЬ ЖУМАЙСЫНБА! 
2025-08-26 14:07:22,676 - DEBUG - геометрия блин! 
2025-08-26 14:10:20,119 - DEBUG - прочили excel C:\Users\SilantevGN\Desktop\Образцы файлов для разбора\клетка-изолятор\что то 4.xlsx
2025-08-26 14:10:20,338 - DEBUG - прочили excel C:\Users\SilantevGN\Desktop\Образцы файлов для разбора\клетка-изолятор\что то 4.xlsx
2025-08-26 14:10:20,362 - DEBUG - ШАМПУНЬ ЖУМАЙСЫНБА! 
2025-08-26 14:10:20,363 - DEBUG - геометрия блин! 
2025-08-26 14:11:12,712 - DEBUG - прочили excel C:\Users\SilantevGN\Desktop\Образцы файлов для разбора\клетка-изолятор\что то 4.xlsx
2025-08-26 14:11:13,065 - DEBUG - прочили excel C:\Users\SilantevGN\Desktop\Образцы файлов для разбора\клетка-изолятор\что то 4.xlsx
2025-08-26 14:13:29,472 - DEBUG - прочили excel C:\Users\SilantevGN\Desktop\Образцы файлов для разбора\клетка-изолятор\что то 4.xlsx
2025-08-26 14:13:29,693 - DEBUG - дата лайнс !!!['утверждаю', 'ооо "газпром трансгаз нижний новгород"', 'заказчикооо "газпром трансгаз нижний новгород"генеральный директор', 'генподрядчик ', 'договор подрядав.г. никитин', '«_____» ________2025 г.', 'ооо "газпром трансгаз нижний новгород"', '(наименование дочернего общества)', ' ', 'объектная смета № 09-19', '', '', ' торбеевское лпумг. оборудование к/ц кс явасская м/г ямбург-тула 2 агр. гпа 10№6', '(наименование объекта)', '', 'основание:дефектная ведомость 50000215012', 'инвентарный №202137', 'сметная стоимость3366,18 тыс. руб.', 'средства на оплату труда  2655,943 тыс. руб.', 'расчетный измеритель единичной стоимости']
2025-08-26 14:13:29,694 - DEBUG - ШАМПУНЬ ЖУМАЙСЫНБА! 09-19
2025-08-26 14:13:29,694 - DEBUG - геометрия блин! 09-19
2025-08-26 14:14:24,109 - DEBUG - прочили PDF C:\Users\SilantevGN\Desktop\Образцы файлов для разбора\клетка-изолятор\что то 2.pdf
2025-08-26 14:14:24,112 - DEBUG - ШАМПУНЬ ЖУМАЙСЫНБА! 
2025-08-26 14:14:24,112 - DEBUG - геометрия блин! 
2025-08-26 14:14:24,114 - DEBUG - прочили excel C:\Users\SilantevGN\Desktop\Образцы файлов для разбора\клетка-изолятор\что то 4.xlsx
2025-08-26 14:14:24,144 - DEBUG - дата лайнс !!!['утверждаю', 'ооо "газпром трансгаз нижний новгород"', 'заказчикооо "газпром трансгаз нижний новгород"генеральный директор', 'генподрядчик ', 'договор подрядав.г. никитин', '«_____» ________2025 г.', 'ооо "газпром трансгаз нижний новгород"', '(наименование дочернего общества)', ' ', 'объектная смета № 09-19', '', '', ' торбеевское лпумг. оборудование к/ц кс явасская м/г ямбург-тула 2 агр. гпа 10№6', '(наименование объекта)', '', 'основание:дефектная ведомость 50000215012', 'инвентарный №202137', 'сметная стоимость3366,18 тыс. руб.', 'средства на оплату труда  2655,943 тыс. руб.', 'расчетный измеритель единичной стоимости']
2025-08-26 14:14:24,145 - DEBUG - ШАМПУНЬ ЖУМАЙСЫНБА! 09-19
2025-08-26 14:14:24,145 - DEBUG - геометрия блин! 09-19
2025-08-26 14:17:55,893 - DEBUG - прочили PDF C:\Users\SilantevGN\Desktop\Образцы файлов для разбора\клетка-изолятор\что то 2.pdf
2025-08-26 14:17:55,898 - DEBUG - ШАМПУНЬ ЖУМАЙСЫНБА! 
2025-08-26 14:17:55,898 - DEBUG - геометрия блин! 
2025-08-26 14:17:55,901 - DEBUG - прочили excel C:\Users\SilantevGN\Desktop\Образцы файлов для разбора\клетка-изолятор\что то 4.xlsx
2025-08-26 14:17:56,120 - DEBUG - ШАМПУНЬ ЖУМАЙСЫНБА! 09-19
2025-08-26 14:17:56,120 - DEBUG - геометрия блин! 09-19
2025-08-26 14:20:15,020 - DEBUG - прочили PDF C:\Users\SilantevGN\Desktop\Образцы файлов для разбора\клетка-изолятор\что то 2.pdf
2025-08-26 14:31:28,596 - DEBUG - прочили excel C:\Users\SilantevGN\Desktop\Образцы файлов для разбора\клетка-изолятор\1_СД 141000039162.xlsx
2025-08-26 14:31:28,846 - DEBUG - ШАМПУНЬ ЖУМАЙСЫНБА! (локальная смета)
2025-08-26 14:31:28,847 - DEBUG - геометрия блин! (локальная смета)
2025-08-26 14:31:31,057 - DEBUG - прочили PDF C:\Users\SilantevGN\Desktop\Образцы файлов для разбора\клетка-изолятор\4_Табл Е-13. стр 197.pdf
2025-08-26 14:31:33,313 - DEBUG - прочили PDF C:\Users\SilantevGN\Desktop\Образцы файлов для разбора\клетка-изолятор\5_Табл. Е.12 стр 187-196.pdf
2025-08-26 14:31:35,809 - DEBUG - прочили PDF C:\Users\SilantevGN\Desktop\Образцы файлов для разбора\клетка-изолятор\что то 1.pdf
2025-08-26 14:31:35,812 - DEBUG - ШАМПУНЬ ЖУМАЙСЫНБА! локальная смета negdorb-13-1279-2026
2025-08-26 14:31:35,812 - DEBUG - геометрия блин! локальная смета negdorb-13-1279-2026
2025-08-26 14:31:39,375 - DEBUG - прочили PDF C:\Users\SilantevGN\Desktop\Образцы файлов для разбора\клетка-изолятор\что то 2.pdf
2025-08-26 14:31:39,378 - DEBUG - ШАМПУНЬ ЖУМАЙСЫНБА! gtsrg/1031/76/2026
2025-08-26 14:31:39,378 - DEBUG - геометрия блин! gtsrg/1031/76/2026
2025-08-26 14:31:39,380 - DEBUG - прочили excel C:\Users\SilantevGN\Desktop\Образцы файлов для разбора\клетка-изолятор\что то 3.xlsx
2025-08-26 14:31:39,402 - DEBUG - ШАМПУНЬ ЖУМАЙСЫНБА! 01-02
2025-08-26 14:31:39,403 - DEBUG - геометрия блин! 01-02
2025-08-26 14:31:39,404 - DEBUG - прочили excel C:\Users\SilantevGN\Desktop\Образцы файлов для разбора\клетка-изолятор\что то 4.xlsx
2025-08-26 14:31:39,432 - DEBUG - ШАМПУНЬ ЖУМАЙСЫНБА! 09-19
2025-08-26 14:31:39,432 - DEBUG - геометрия блин! 09-19
2025-08-26 14:52:14,959 - DEBUG - прочили excel C:\Users\SilantevGN\Desktop\Образцы файлов для разбора\клетка-изолятор\1_СД 141000039162.xlsx
2025-08-26 15:03:08,609 - DEBUG - прочили excel C:\Users\SilantevGN\Desktop\Образцы файлов для разбора\клетка-изолятор\1_СД 141000039162.xlsx
2025-08-26 15:03:11,132 - DEBUG - прочили PDF C:\Users\SilantevGN\Desktop\Образцы файлов для разбора\клетка-изолятор\4_Табл Е-13. стр 197.pdf
2025-08-26 15:03:13,379 - DEBUG - прочили PDF C:\Users\SilantevGN\Desktop\Образцы файлов для разбора\клетка-изолятор\5_Табл. Е.12 стр 187-196.pdf
2025-08-26 15:03:15,988 - DEBUG - прочили PDF C:\Users\SilantevGN\Desktop\Образцы файлов для разбора\клетка-изолятор\что то 1.pdf
2025-08-26 15:03:19,535 - DEBUG - прочили PDF C:\Users\SilantevGN\Desktop\Образцы файлов для разбора\клетка-изолятор\что то 2.pdf
2025-08-26 15:03:19,541 - DEBUG - прочили excel C:\Users\SilantevGN\Desktop\Образцы файлов для разбора\клетка-изолятор\что то 3.xlsx
2025-08-26 15:03:19,563 - DEBUG - прочили excel C:\Users\SilantevGN\Desktop\Образцы файлов для разбора\клетка-изолятор\что то 4.xlsx
2025-08-26 15:09:14,283 - DEBUG - прочили PDF C:\Users\SilantevGN\Desktop\Образцы файлов для разбора\клетка-изолятор\что то 1.pdf
2025-08-26 15:16:54,921 - DEBUG - прочили excel C:\Users\SilantevGN\Desktop\Образцы файлов для разбора\клетка-изолятор\1_СД 141000039162.xlsx
2025-08-26 15:16:57,372 - DEBUG - прочили PDF C:\Users\SilantevGN\Desktop\Образцы файлов для разбора\клетка-изолятор\4_Табл Е-13. стр 197.pdf
2025-08-26 15:16:59,747 - DEBUG - прочили PDF C:\Users\SilantevGN\Desktop\Образцы файлов для разбора\клетка-изолятор\5_Табл. Е.12 стр 187-196.pdf
2025-08-26 15:17:02,227 - DEBUG - прочили PDF C:\Users\SilantevGN\Desktop\Образцы файлов для разбора\клетка-изолятор\что то 1.pdf
2025-08-26 15:17:05,854 - DEBUG - прочили PDF C:\Users\SilantevGN\Desktop\Образцы файлов для разбора\клетка-изолятор\что то 2.pdf
2025-08-26 15:17:05,859 - DEBUG - прочили excel C:\Users\SilantevGN\Desktop\Образцы файлов для разбора\клетка-изолятор\что то 3.xlsx
2025-08-26 15:17:05,881 - DEBUG - прочили excel C:\Users\SilantevGN\Desktop\Образцы файлов для разбора\клетка-изолятор\что то 4.xlsx
2025-08-26 15:20:47,771 - DEBUG - прочили excel C:\Users\SilantevGN\Desktop\Образцы файлов для разбора\выдумка\1_СД 141000039162.xlsx
2025-08-26 15:20:47,771 - DEBUG - прочили excel C:\Users\SilantevGN\Desktop\Образцы файлов для разбора\выдумка\1_СД 141000039162.xlsx
2025-08-26 15:20:47,771 - DEBUG - прочили excel C:\Users\SilantevGN\Desktop\Образцы файлов для разбора\выдумка\1_СД 141000039162.xlsx
2025-08-26 15:20:47,836 - DEBUG - прочили excel C:\Users\SilantevGN\Desktop\Образцы файлов для разбора\выдумка\3_РПЗ 141000039162.xlsx
2025-08-26 15:20:47,836 - DEBUG - прочили excel C:\Users\SilantevGN\Desktop\Образцы файлов для разбора\выдумка\3_РПЗ 141000039162.xlsx
2025-08-26 15:20:47,836 - DEBUG - прочили excel C:\Users\SilantevGN\Desktop\Образцы файлов для разбора\выдумка\3_РПЗ 141000039162.xlsx
2025-08-26 15:20:51,612 - DEBUG - прочили PDF C:\Users\SilantevGN\Desktop\Образцы файлов для разбора\выдумка\7_ВД 141000039162.pdf
2025-08-26 15:20:51,612 - DEBUG - прочили PDF C:\Users\SilantevGN\Desktop\Образцы файлов для разбора\выдумка\7_ВД 141000039162.pdf
2025-08-26 15:20:51,612 - DEBUG - прочили PDF C:\Users\SilantevGN\Desktop\Образцы файлов для разбора\выдумка\7_ВД 141000039162.pdf
2025-08-26 15:20:51,616 - DEBUG - прочили excel C:\Users\SilantevGN\Desktop\Образцы файлов для разбора\выдумка\97454_13.3_02222 ЛСР GTSRG-1037-483-2025.xlsx
2025-08-26 15:20:51,616 - DEBUG - прочили excel C:\Users\SilantevGN\Desktop\Образцы файлов для разбора\выдумка\97454_13.3_02222 ЛСР GTSRG-1037-483-2025.xlsx
2025-08-26 15:20:51,616 - DEBUG - прочили excel C:\Users\SilantevGN\Desktop\Образцы файлов для разбора\выдумка\97454_13.3_02222 ЛСР GTSRG-1037-483-2025.xlsx
2025-08-26 15:20:51,639 - DEBUG - прочили excel C:\Users\SilantevGN\Desktop\Образцы файлов для разбора\выдумка\97454_13.3_02222 ССР GTSRG-1008-01-2026.xlsx
2025-08-26 15:20:51,639 - DEBUG - прочили excel C:\Users\SilantevGN\Desktop\Образцы файлов для разбора\выдумка\97454_13.3_02222 ССР GTSRG-1008-01-2026.xlsx
2025-08-26 15:20:51,639 - DEBUG - прочили excel C:\Users\SilantevGN\Desktop\Образцы файлов для разбора\выдумка\97454_13.3_02222 ССР GTSRG-1008-01-2026.xlsx
2025-08-26 15:20:54,670 - DEBUG - прочили PDF C:\Users\SilantevGN\Desktop\Образцы файлов для разбора\выдумка\97454_7.3_00384 ВР ЛСР GTSRG-1031-75-2026.pdf
2025-08-26 15:20:54,670 - DEBUG - прочили PDF C:\Users\SilantevGN\Desktop\Образцы файлов для разбора\выдумка\97454_7.3_00384 ВР ЛСР GTSRG-1031-75-2026.pdf
2025-08-26 15:20:54,670 - DEBUG - прочили PDF C:\Users\SilantevGN\Desktop\Образцы файлов для разбора\выдумка\97454_7.3_00384 ВР ЛСР GTSRG-1031-75-2026.pdf
2025-08-26 15:20:54,675 - DEBUG - прочили excel C:\Users\SilantevGN\Desktop\Образцы файлов для разбора\выдумка\97454_7.3_00384 ВР ЛСР GTSRG-1031-75-2026.xlsx
2025-08-26 15:20:54,675 - DEBUG - прочили excel C:\Users\SilantevGN\Desktop\Образцы файлов для разбора\выдумка\97454_7.3_00384 ВР ЛСР GTSRG-1031-75-2026.xlsx
2025-08-26 15:20:54,675 - DEBUG - прочили excel C:\Users\SilantevGN\Desktop\Образцы файлов для разбора\выдумка\97454_7.3_00384 ВР ЛСР GTSRG-1031-75-2026.xlsx
2025-08-26 15:20:54,699 - DEBUG - прочили excel C:\Users\SilantevGN\Desktop\Образцы файлов для разбора\выдумка\97454_7.3_00384 ССР GTSRG-1031-76-2026-2.xlsx
2025-08-26 15:20:54,699 - DEBUG - прочили excel C:\Users\SilantevGN\Desktop\Образцы файлов для разбора\выдумка\97454_7.3_00384 ССР GTSRG-1031-76-2026-2.xlsx
2025-08-26 15:20:54,699 - DEBUG - прочили excel C:\Users\SilantevGN\Desktop\Образцы файлов для разбора\выдумка\97454_7.3_00384 ССР GTSRG-1031-76-2026-2.xlsx
2025-08-26 15:20:58,249 - DEBUG - прочили PDF C:\Users\SilantevGN\Desktop\Образцы файлов для разбора\выдумка\97454_7.3_00384 ССР GTSRG-1031-76-2026.pdf
2025-08-26 15:20:58,249 - DEBUG - прочили PDF C:\Users\SilantevGN\Desktop\Образцы файлов для разбора\выдумка\97454_7.3_00384 ССР GTSRG-1031-76-2026.pdf
2025-08-26 15:20:58,249 - DEBUG - прочили PDF C:\Users\SilantevGN\Desktop\Образцы файлов для разбора\выдумка\97454_7.3_00384 ССР GTSRG-1031-76-2026.pdf
2025-08-26 15:20:58,254 - DEBUG - прочили excel C:\Users\SilantevGN\Desktop\Образцы файлов для разбора\выдумка\97454_7.3_00384 ССР GTSRG-1031-76-2026.xlsx
2025-08-26 15:20:58,254 - DEBUG - прочили excel C:\Users\SilantevGN\Desktop\Образцы файлов для разбора\выдумка\97454_7.3_00384 ССР GTSRG-1031-76-2026.xlsx
2025-08-26 15:20:58,254 - DEBUG - прочили excel C:\Users\SilantevGN\Desktop\Образцы файлов для разбора\выдумка\97454_7.3_00384 ССР GTSRG-1031-76-2026.xlsx
2025-08-26 15:20:58,282 - DEBUG - прочили excel C:\Users\SilantevGN\Desktop\Образцы файлов для разбора\выдумка\ос-1619-26-КР.xlsx
2025-08-26 15:20:58,282 - DEBUG - прочили excel C:\Users\SilantevGN\Desktop\Образцы файлов для разбора\выдумка\ос-1619-26-КР.xlsx
2025-08-26 15:20:58,282 - DEBUG - прочили excel C:\Users\SilantevGN\Desktop\Образцы файлов для разбора\выдумка\ос-1619-26-КР.xlsx
2025-08-26 15:20:58,312 - DEBUG - прочили excel C:\Users\SilantevGN\Desktop\Образцы файлов для разбора\выдумка\Типовая смета 05-2026-2.xlsx
2025-08-26 15:20:58,312 - DEBUG - прочили excel C:\Users\SilantevGN\Desktop\Образцы файлов для разбора\выдумка\Типовая смета 05-2026-2.xlsx
2025-08-26 15:20:58,312 - DEBUG - прочили excel C:\Users\SilantevGN\Desktop\Образцы файлов для разбора\выдумка\Типовая смета 05-2026-2.xlsx
2025-08-26 15:20:58,460 - DEBUG - прочили excel C:\Users\SilantevGN\Desktop\Образцы файлов для разбора\выдумка\Типовая смета 05-2026-3.xlsx
2025-08-26 15:20:58,460 - DEBUG - прочили excel C:\Users\SilantevGN\Desktop\Образцы файлов для разбора\выдумка\Типовая смета 05-2026-3.xlsx
2025-08-26 15:20:58,460 - DEBUG - прочили excel C:\Users\SilantevGN\Desktop\Образцы файлов для разбора\выдумка\Типовая смета 05-2026-3.xlsx
2025-08-26 15:20:58,606 - DEBUG - прочили excel C:\Users\SilantevGN\Desktop\Образцы файлов для разбора\выдумка\Типовая смета 05-2026.xlsx
2025-08-26 15:20:58,606 - DEBUG - прочили excel C:\Users\SilantevGN\Desktop\Образцы файлов для разбора\выдумка\Типовая смета 05-2026.xlsx
2025-08-26 15:20:58,606 - DEBUG - прочили excel C:\Users\SilantevGN\Desktop\Образцы файлов для разбора\выдумка\Типовая смета 05-2026.xlsx
2025-08-26 15:42:28,603 - DEBUG - прочили excel C:\Users\SilantevGN\Desktop\Образцы файлов для разбора\выдумка\1_СД 141000039162.xlsx
2025-08-26 15:42:28,603 - DEBUG - прочили excel C:\Users\SilantevGN\Desktop\Образцы файлов для разбора\выдумка\1_СД 141000039162.xlsx
2025-08-26 15:42:28,603 - DEBUG - прочили excel C:\Users\SilantevGN\Desktop\Образцы файлов для разбора\выдумка\1_СД 141000039162.xlsx
2025-08-26 15:42:28,603 - DEBUG - прочили excel C:\Users\SilantevGN\Desktop\Образцы файлов для разбора\выдумка\1_СД 141000039162.xlsx
2025-08-26 15:42:28,699 - DEBUG - прочили excel C:\Users\SilantevGN\Desktop\Образцы файлов для разбора\выдумка\3_РПЗ 141000039162.xlsx
2025-08-26 15:42:28,699 - DEBUG - прочили excel C:\Users\SilantevGN\Desktop\Образцы файлов для разбора\выдумка\3_РПЗ 141000039162.xlsx
2025-08-26 15:42:28,699 - DEBUG - прочили excel C:\Users\SilantevGN\Desktop\Образцы файлов для разбора\выдумка\3_РПЗ 141000039162.xlsx
2025-08-26 15:42:28,699 - DEBUG - прочили excel C:\Users\SilantevGN\Desktop\Образцы файлов для разбора\выдумка\3_РПЗ 141000039162.xlsx
2025-08-26 15:42:32,371 - DEBUG - прочили PDF C:\Users\SilantevGN\Desktop\Образцы файлов для разбора\выдумка\7_ВД 141000039162.pdf
2025-08-26 15:42:32,371 - DEBUG - прочили PDF C:\Users\SilantevGN\Desktop\Образцы файлов для разбора\выдумка\7_ВД 141000039162.pdf
2025-08-26 15:42:32,371 - DEBUG - прочили PDF C:\Users\SilantevGN\Desktop\Образцы файлов для разбора\выдумка\7_ВД 141000039162.pdf
2025-08-26 15:42:32,371 - DEBUG - прочили PDF C:\Users\SilantevGN\Desktop\Образцы файлов для разбора\выдумка\7_ВД 141000039162.pdf
2025-08-26 15:42:32,377 - DEBUG - прочили excel C:\Users\SilantevGN\Desktop\Образцы файлов для разбора\выдумка\97454_13.3_02222 ЛСР GTSRG-1037-483-2025.xlsx
2025-08-26 15:42:32,377 - DEBUG - прочили excel C:\Users\SilantevGN\Desktop\Образцы файлов для разбора\выдумка\97454_13.3_02222 ЛСР GTSRG-1037-483-2025.xlsx
2025-08-26 15:42:32,377 - DEBUG - прочили excel C:\Users\SilantevGN\Desktop\Образцы файлов для разбора\выдумка\97454_13.3_02222 ЛСР GTSRG-1037-483-2025.xlsx
2025-08-26 15:42:32,377 - DEBUG - прочили excel C:\Users\SilantevGN\Desktop\Образцы файлов для разбора\выдумка\97454_13.3_02222 ЛСР GTSRG-1037-483-2025.xlsx
2025-08-26 15:42:32,400 - DEBUG - прочили excel C:\Users\SilantevGN\Desktop\Образцы файлов для разбора\выдумка\97454_13.3_02222 ССР GTSRG-1008-01-2026.xlsx
2025-08-26 15:42:32,400 - DEBUG - прочили excel C:\Users\SilantevGN\Desktop\Образцы файлов для разбора\выдумка\97454_13.3_02222 ССР GTSRG-1008-01-2026.xlsx
2025-08-26 15:42:32,400 - DEBUG - прочили excel C:\Users\SilantevGN\Desktop\Образцы файлов для разбора\выдумка\97454_13.3_02222 ССР GTSRG-1008-01-2026.xlsx
2025-08-26 15:42:32,400 - DEBUG - прочили excel C:\Users\SilantevGN\Desktop\Образцы файлов для разбора\выдумка\97454_13.3_02222 ССР GTSRG-1008-01-2026.xlsx
2025-08-26 15:42:35,602 - DEBUG - прочили PDF C:\Users\SilantevGN\Desktop\Образцы файлов для разбора\выдумка\97454_7.3_00384 ВР ЛСР GTSRG-1031-75-2026.pdf
2025-08-26 15:42:35,602 - DEBUG - прочили PDF C:\Users\SilantevGN\Desktop\Образцы файлов для разбора\выдумка\97454_7.3_00384 ВР ЛСР GTSRG-1031-75-2026.pdf
2025-08-26 15:42:35,602 - DEBUG - прочили PDF C:\Users\SilantevGN\Desktop\Образцы файлов для разбора\выдумка\97454_7.3_00384 ВР ЛСР GTSRG-1031-75-2026.pdf
2025-08-26 15:42:35,602 - DEBUG - прочили PDF C:\Users\SilantevGN\Desktop\Образцы файлов для разбора\выдумка\97454_7.3_00384 ВР ЛСР GTSRG-1031-75-2026.pdf
2025-08-26 15:42:35,606 - DEBUG - прочили excel C:\Users\SilantevGN\Desktop\Образцы файлов для разбора\выдумка\97454_7.3_00384 ВР ЛСР GTSRG-1031-75-2026.xlsx
2025-08-26 15:42:35,606 - DEBUG - прочили excel C:\Users\SilantevGN\Desktop\Образцы файлов для разбора\выдумка\97454_7.3_00384 ВР ЛСР GTSRG-1031-75-2026.xlsx
2025-08-26 15:42:35,606 - DEBUG - прочили excel C:\Users\SilantevGN\Desktop\Образцы файлов для разбора\выдумка\97454_7.3_00384 ВР ЛСР GTSRG-1031-75-2026.xlsx
2025-08-26 15:42:35,606 - DEBUG - прочили excel C:\Users\SilantevGN\Desktop\Образцы файлов для разбора\выдумка\97454_7.3_00384 ВР ЛСР GTSRG-1031-75-2026.xlsx
2025-08-26 15:42:35,641 - DEBUG - прочили excel C:\Users\SilantevGN\Desktop\Образцы файлов для разбора\выдумка\97454_7.3_00384 ССР GTSRG-1031-76-2026-2.xlsx
2025-08-26 15:42:35,641 - DEBUG - прочили excel C:\Users\SilantevGN\Desktop\Образцы файлов для разбора\выдумка\97454_7.3_00384 ССР GTSRG-1031-76-2026-2.xlsx
2025-08-26 15:42:35,641 - DEBUG - прочили excel C:\Users\SilantevGN\Desktop\Образцы файлов для разбора\выдумка\97454_7.3_00384 ССР GTSRG-1031-76-2026-2.xlsx
2025-08-26 15:42:35,641 - DEBUG - прочили excel C:\Users\SilantevGN\Desktop\Образцы файлов для разбора\выдумка\97454_7.3_00384 ССР GTSRG-1031-76-2026-2.xlsx
2025-08-26 15:42:39,311 - DEBUG - прочили PDF C:\Users\SilantevGN\Desktop\Образцы файлов для разбора\выдумка\97454_7.3_00384 ССР GTSRG-1031-76-2026.pdf
2025-08-26 15:42:39,311 - DEBUG - прочили PDF C:\Users\SilantevGN\Desktop\Образцы файлов для разбора\выдумка\97454_7.3_00384 ССР GTSRG-1031-76-2026.pdf
2025-08-26 15:42:39,311 - DEBUG - прочили PDF C:\Users\SilantevGN\Desktop\Образцы файлов для разбора\выдумка\97454_7.3_00384 ССР GTSRG-1031-76-2026.pdf
2025-08-26 15:42:39,311 - DEBUG - прочили PDF C:\Users\SilantevGN\Desktop\Образцы файлов для разбора\выдумка\97454_7.3_00384 ССР GTSRG-1031-76-2026.pdf
2025-08-26 15:42:39,316 - DEBUG - прочили excel C:\Users\SilantevGN\Desktop\Образцы файлов для разбора\выдумка\97454_7.3_00384 ССР GTSRG-1031-76-2026.xlsx
2025-08-26 15:42:39,316 - DEBUG - прочили excel C:\Users\SilantevGN\Desktop\Образцы файлов для разбора\выдумка\97454_7.3_00384 ССР GTSRG-1031-76-2026.xlsx
2025-08-26 15:42:39,316 - DEBUG - прочили excel C:\Users\SilantevGN\Desktop\Образцы файлов для разбора\выдумка\97454_7.3_00384 ССР GTSRG-1031-76-2026.xlsx
2025-08-26 15:42:39,316 - DEBUG - прочили excel C:\Users\SilantevGN\Desktop\Образцы файлов для разбора\выдумка\97454_7.3_00384 ССР GTSRG-1031-76-2026.xlsx
2025-08-26 15:42:39,343 - DEBUG - прочили excel C:\Users\SilantevGN\Desktop\Образцы файлов для разбора\выдумка\ос-1619-26-КР.xlsx
2025-08-26 15:42:39,343 - DEBUG - прочили excel C:\Users\SilantevGN\Desktop\Образцы файлов для разбора\выдумка\ос-1619-26-КР.xlsx
2025-08-26 15:42:39,343 - DEBUG - прочили excel C:\Users\SilantevGN\Desktop\Образцы файлов для разбора\выдумка\ос-1619-26-КР.xlsx
2025-08-26 15:42:39,343 - DEBUG - прочили excel C:\Users\SilantevGN\Desktop\Образцы файлов для разбора\выдумка\ос-1619-26-КР.xlsx
2025-08-26 15:42:39,369 - DEBUG - прочили excel C:\Users\SilantevGN\Desktop\Образцы файлов для разбора\выдумка\Типовая смета 05-2026-2.xlsx
2025-08-26 15:42:39,369 - DEBUG - прочили excel C:\Users\SilantevGN\Desktop\Образцы файлов для разбора\выдумка\Типовая смета 05-2026-2.xlsx
2025-08-26 15:42:39,369 - DEBUG - прочили excel C:\Users\SilantevGN\Desktop\Образцы файлов для разбора\выдумка\Типовая смета 05-2026-2.xlsx
2025-08-26 15:42:39,369 - DEBUG - прочили excel C:\Users\SilantevGN\Desktop\Образцы файлов для разбора\выдумка\Типовая смета 05-2026-2.xlsx
2025-08-26 15:42:39,513 - DEBUG - прочили excel C:\Users\SilantevGN\Desktop\Образцы файлов для разбора\выдумка\Типовая смета 05-2026-3.xlsx
2025-08-26 15:42:39,513 - DEBUG - прочили excel C:\Users\SilantevGN\Desktop\Образцы файлов для разбора\выдумка\Типовая смета 05-2026-3.xlsx
2025-08-26 15:42:39,513 - DEBUG - прочили excel C:\Users\SilantevGN\Desktop\Образцы файлов для разбора\выдумка\Типовая смета 05-2026-3.xlsx
2025-08-26 15:42:39,513 - DEBUG - прочили excel C:\Users\SilantevGN\Desktop\Образцы файлов для разбора\выдумка\Типовая смета 05-2026-3.xlsx
2025-08-26 15:42:39,656 - DEBUG - прочили excel C:\Users\SilantevGN\Desktop\Образцы файлов для разбора\выдумка\Типовая смета 05-2026.xlsx
2025-08-26 15:42:39,656 - DEBUG - прочили excel C:\Users\SilantevGN\Desktop\Образцы файлов для разбора\выдумка\Типовая смета 05-2026.xlsx
2025-08-26 15:42:39,656 - DEBUG - прочили excel C:\Users\SilantevGN\Desktop\Образцы файлов для разбора\выдумка\Типовая смета 05-2026.xlsx
2025-08-26 15:42:39,656 - DEBUG - прочили excel C:\Users\SilantevGN\Desktop\Образцы файлов для разбора\выдумка\Типовая смета 05-2026.xlsx
2025-08-26 16:03:54,160 - DEBUG - прочили excel C:\Users\SilantevGN\Desktop\Образцы файлов для разбора\выдумка\1_СД 141000039162.xlsx
2025-08-26 16:03:54,419 - DEBUG - прочили excel C:\Users\SilantevGN\Desktop\Образцы файлов для разбора\выдумка\3_РПЗ 141000039162.xlsx
2025-08-26 16:03:58,148 - DEBUG - прочили PDF C:\Users\SilantevGN\Desktop\Образцы файлов для разбора\выдумка\7_ВД 141000039162.pdf
2025-08-26 16:03:58,156 - DEBUG - прочили excel C:\Users\SilantevGN\Desktop\Образцы файлов для разбора\выдумка\97454_13.3_02222 ЛСР GTSRG-1037-483-2025.xlsx
2025-08-26 16:03:58,175 - DEBUG - прочили excel C:\Users\SilantevGN\Desktop\Образцы файлов для разбора\выдумка\97454_13.3_02222 ССР GTSRG-1008-01-2026.xlsx
2025-08-26 16:04:01,227 - DEBUG - прочили PDF C:\Users\SilantevGN\Desktop\Образцы файлов для разбора\выдумка\97454_7.3_00384 ВР ЛСР GTSRG-1031-75-2026.pdf
2025-08-26 16:04:01,232 - DEBUG - прочили excel C:\Users\SilantevGN\Desktop\Образцы файлов для разбора\выдумка\97454_7.3_00384 ВР ЛСР GTSRG-1031-75-2026.xlsx
2025-08-26 16:04:01,268 - DEBUG - прочили excel C:\Users\SilantevGN\Desktop\Образцы файлов для разбора\выдумка\97454_7.3_00384 ССР GTSRG-1031-76-2026-2.xlsx
2025-08-26 16:04:04,855 - DEBUG - прочили PDF C:\Users\SilantevGN\Desktop\Образцы файлов для разбора\выдумка\97454_7.3_00384 ССР GTSRG-1031-76-2026.pdf
2025-08-26 16:04:04,860 - DEBUG - прочили excel C:\Users\SilantevGN\Desktop\Образцы файлов для разбора\выдумка\97454_7.3_00384 ССР GTSRG-1031-76-2026.xlsx
2025-08-26 16:04:04,885 - DEBUG - прочили excel C:\Users\SilantevGN\Desktop\Образцы файлов для разбора\выдумка\ос-1619-26-КР.xlsx
2025-08-26 16:04:04,920 - DEBUG - прочили excel C:\Users\SilantevGN\Desktop\Образцы файлов для разбора\выдумка\Типовая смета 05-2026-2.xlsx
2025-08-26 16:04:05,063 - DEBUG - прочили excel C:\Users\SilantevGN\Desktop\Образцы файлов для разбора\выдумка\Типовая смета 05-2026-3.xlsx
2025-08-26 16:04:05,207 - DEBUG - прочили excel C:\Users\SilantevGN\Desktop\Образцы файлов для разбора\выдумка\Типовая смета 05-2026.xlsx
2025-08-26 16:05:12,618 - DEBUG - прочили excel C:\Users\SilantevGN\Desktop\Образцы файлов для разбора\фулхаус\50 9000129440 - Полный локальный сметный расчёт1.xlsx
2025-08-26 16:05:14,618 - DEBUG - прочили PDF C:\Users\SilantevGN\Desktop\Образцы файлов для разбора\фулхаус\97435.7-9400295505 Акт.pdf
2025-08-26 16:05:14,622 - DEBUG - прочили excel C:\Users\SilantevGN\Desktop\Образцы файлов для разбора\фулхаус\97435.7-9400295505 Расчет цены.xlsx
2025-08-26 16:05:14,655 - DEBUG - прочили excel C:\Users\SilantevGN\Desktop\Образцы файлов для разбора\фулхаус\97445_13.3_00310_Ресурсная выборка.xlsx
2025-08-26 16:05:16,892 - DEBUG - прочили PDF C:\Users\SilantevGN\Desktop\Образцы файлов для разбора\фулхаус\97445_13.3_00344_ДВ.pdf
2025-08-26 16:05:19,386 - DEBUG - прочили PDF C:\Users\SilantevGN\Desktop\Образцы файлов для разбора\фулхаус\97445_13.3_00344_Локальная смета.pdf
2025-08-26 16:05:19,390 - DEBUG - прочили excel C:\Users\SilantevGN\Desktop\Образцы файлов для разбора\фулхаус\97445_13.3_00344_Локальная смета.xls
2025-08-26 16:05:21,921 - DEBUG - прочили PDF C:\Users\SilantevGN\Desktop\Образцы файлов для разбора\фулхаус\97445_13.3_00344_НТД и ФЗ_3.pdf
2025-08-26 16:05:24,146 - DEBUG - прочили PDF C:\Users\SilantevGN\Desktop\Образцы файлов для разбора\фулхаус\97445_13.3_00344_НТД и ФЗ_4.pdf
2025-08-26 16:05:24,150 - DEBUG - прочили excel C:\Users\SilantevGN\Desktop\Образцы файлов для разбора\фулхаус\97445_13.3_00344_Ресурсная выборка.xlsx
2025-08-26 16:05:26,114 - DEBUG - прочили PDF C:\Users\SilantevGN\Desktop\Образцы файлов для разбора\фулхаус\97445_13.3_00344_ТКП_КП от ООО КЛАС 2026(5).pdf
2025-08-26 16:05:28,319 - DEBUG - прочили PDF C:\Users\SilantevGN\Desktop\Образцы файлов для разбора\фулхаус\97445_13.3_00344_ТКП_ТКП ОВиК СЭГ-2025г.671-05 от 29.10.2024 г..pdf
2025-08-26 16:05:30,231 - DEBUG - прочили PDF C:\Users\SilantevGN\Desktop\Образцы файлов для разбора\фулхаус\97445_13.3_00344_ТКП_ТКП Ремсервис.pdf
2025-08-26 16:05:32,159 - DEBUG - прочили PDF C:\Users\SilantevGN\Desktop\Образцы файлов для разбора\фулхаус\97445_13.3_00344_ТКП_ТКП Стройтехнология.pdf
2025-08-26 16:05:32,163 - DEBUG - прочили excel C:\Users\SilantevGN\Desktop\Образцы файлов для разбора\фулхаус\97445_13.3_01837_Локальная смета.xls
2025-08-26 16:05:33,884 - DEBUG - прочили PDF C:\Users\SilantevGN\Desktop\Образцы файлов для разбора\фулхаус\97445_13.3_01936_ДВ.pdf
2025-08-26 16:05:35,238 - DEBUG - прочили PDF C:\Users\SilantevGN\Desktop\Образцы файлов для разбора\фулхаус\97445_13.3_01936_РД.pdf
2025-08-26 16:05:36,351 - DEBUG - прочили PDF C:\Users\SilantevGN\Desktop\Образцы файлов для разбора\фулхаус\97461_13.3_475470 97461_13.3_475470 ПОДТВЕРЖДЕНИЕ НА КОНДИЦИОНИРОВАНИЕ  ПЭБ.pdf
2025-08-26 16:05:37,466 - DEBUG - прочили PDF C:\Users\SilantevGN\Desktop\Образцы файлов для разбора\фулхаус\97461_13.3_475501 97461_13.3_475501 Подтверждение на Кондиционерование АБК.pdf
2025-08-26 16:05:37,470 - DEBUG - прочили excel C:\Users\SilantevGN\Desktop\Образцы файлов для разбора\фулхаус\Ведомость 1.3.1 ТОиТР 2026 30.01.2025.xlsx
2025-08-26 16:05:39,357 - DEBUG - прочили excel C:\Users\SilantevGN\Desktop\Образцы файлов для разбора\фулхаус\Прочие  расчеты 1.2.xlsx
2025-08-26 16:05:39,442 - DEBUG - прочили excel C:\Users\SilantevGN\Desktop\Образцы файлов для разбора\фулхаус\Прочие 073050.xls
2025-08-26 16:05:39,461 - DEBUG - прочили excel C:\Users\SilantevGN\Desktop\Образцы файлов для разбора\фулхаус\Прочие 073059.xls
2025-08-26 16:05:39,479 - DEBUG - прочили excel C:\Users\SilantevGN\Desktop\Образцы файлов для разбора\фулхаус\Прочие затраты.xlsx
2025-08-26 16:05:39,583 - DEBUG - прочили excel C:\Users\SilantevGN\Desktop\Образцы файлов для разбора\фулхаус\Прочие расходы.xlsx
2025-08-26 16:05:39,692 - DEBUG - прочили excel C:\Users\SilantevGN\Desktop\Образцы файлов для разбора\фулхаус\Прочие расчеты.xlsx
2025-08-26 16:30:14,066 - DEBUG - прочили excel C:\Users\SilantevGN\Desktop\Образцы файлов для разбора\фулхаус\50 9000129440 - Полный локальный сметный расчёт1.xlsx
2025-08-26 16:30:16,828 - DEBUG - прочили PDF C:\Users\SilantevGN\Desktop\Образцы файлов для разбора\фулхаус\97435.7-9400295505 Акт.pdf
2025-08-26 16:30:16,837 - DEBUG - прочили excel C:\Users\SilantevGN\Desktop\Образцы файлов для разбора\фулхаус\97435.7-9400295505 Расчет цены.xlsx
2025-08-26 16:30:16,870 - DEBUG - прочили excel C:\Users\SilantevGN\Desktop\Образцы файлов для разбора\фулхаус\97445_13.3_00310_Ресурсная выборка.xlsx
2025-08-26 16:30:18,979 - DEBUG - прочили PDF C:\Users\SilantevGN\Desktop\Образцы файлов для разбора\фулхаус\97445_13.3_00344_ДВ.pdf
2025-08-26 16:30:18,984 - DEBUG - прочили excel C:\Users\SilantevGN\Desktop\Образцы файлов для разбора\фулхаус\97445_13.3_00344_Локальная смета.xls
2025-08-26 16:30:21,519 - DEBUG - прочили PDF C:\Users\SilantevGN\Desktop\Образцы файлов для разбора\фулхаус\97445_13.3_00344_НТД и ФЗ_3.pdf
2025-08-26 16:30:23,746 - DEBUG - прочили PDF C:\Users\SilantevGN\Desktop\Образцы файлов для разбора\фулхаус\97445_13.3_00344_НТД и ФЗ_4.pdf
2025-08-26 16:30:23,751 - DEBUG - прочили excel C:\Users\SilantevGN\Desktop\Образцы файлов для разбора\фулхаус\97445_13.3_00344_Ресурсная выборка.xlsx
2025-08-26 16:30:25,571 - DEBUG - прочили PDF C:\Users\SilantevGN\Desktop\Образцы файлов для разбора\фулхаус\97445_13.3_00344_ТКП_КП от ООО КЛАС 2026(5).pdf
2025-08-26 16:30:27,822 - DEBUG - прочили PDF C:\Users\SilantevGN\Desktop\Образцы файлов для разбора\фулхаус\97445_13.3_00344_ТКП_ТКП ОВиК СЭГ-2025г.671-05 от 29.10.2024 г..pdf
2025-08-26 16:30:29,690 - DEBUG - прочили PDF C:\Users\SilantevGN\Desktop\Образцы файлов для разбора\фулхаус\97445_13.3_00344_ТКП_ТКП Ремсервис.pdf
2025-08-26 16:30:31,522 - DEBUG - прочили PDF C:\Users\SilantevGN\Desktop\Образцы файлов для разбора\фулхаус\97445_13.3_00344_ТКП_ТКП Стройтехнология.pdf
2025-08-26 16:30:31,526 - DEBUG - прочили excel C:\Users\SilantevGN\Desktop\Образцы файлов для разбора\фулхаус\97445_13.3_01837_Локальная смета.xls
2025-08-26 16:30:33,258 - DEBUG - прочили PDF C:\Users\SilantevGN\Desktop\Образцы файлов для разбора\фулхаус\97445_13.3_01936_ДВ.pdf
2025-08-26 16:30:34,655 - DEBUG - прочили PDF C:\Users\SilantevGN\Desktop\Образцы файлов для разбора\фулхаус\97445_13.3_01936_РД.pdf
2025-08-26 16:30:35,892 - DEBUG - прочили PDF C:\Users\SilantevGN\Desktop\Образцы файлов для разбора\фулхаус\97461_13.3_475470 97461_13.3_475470 ПОДТВЕРЖДЕНИЕ НА КОНДИЦИОНИРОВАНИЕ  ПЭБ.pdf
2025-08-26 16:30:37,210 - DEBUG - прочили PDF C:\Users\SilantevGN\Desktop\Образцы файлов для разбора\фулхаус\97461_13.3_475501 97461_13.3_475501 Подтверждение на Кондиционерование АБК.pdf
2025-08-26 16:30:37,214 - DEBUG - прочили excel C:\Users\SilantevGN\Desktop\Образцы файлов для разбора\фулхаус\Ведомость 1.3.1 ТОиТР 2026 30.01.2025.xlsx
2025-08-26 16:30:39,137 - DEBUG - прочили excel C:\Users\SilantevGN\Desktop\Образцы файлов для разбора\фулхаус\Прочие  расчеты 1.2.xlsx
2025-08-26 16:30:39,221 - DEBUG - прочили excel C:\Users\SilantevGN\Desktop\Образцы файлов для разбора\фулхаус\Прочие 073050.xls
2025-08-26 16:30:39,237 - DEBUG - прочили excel C:\Users\SilantevGN\Desktop\Образцы файлов для разбора\фулхаус\Прочие 073059.xls
2025-08-26 16:30:39,254 - DEBUG - прочили excel C:\Users\SilantevGN\Desktop\Образцы файлов для разбора\фулхаус\Прочие затраты.xlsx
2025-08-26 16:30:39,357 - DEBUG - прочили excel C:\Users\SilantevGN\Desktop\Образцы файлов для разбора\фулхаус\Прочие расходы.xlsx
2025-08-26 16:30:39,488 - DEBUG - прочили excel C:\Users\SilantevGN\Desktop\Образцы файлов для разбора\фулхаус\Прочие расчеты.xlsx
2025-08-26 16:32:39,775 - DEBUG - прочили PDF C:\Users\SilantevGN\Desktop\Образцы файлов для разбора\клетка-изолятор\что то 2.pdf
2025-08-26 16:32:39,775 - DEBUG - прочили PDF C:\Users\SilantevGN\Desktop\Образцы файлов для разбора\клетка-изолятор\что то 2.pdf
2025-08-26 16:32:39,775 - DEBUG - прочили PDF C:\Users\SilantevGN\Desktop\Образцы файлов для разбора\клетка-изолятор\что то 2.pdf
2025-08-26 16:32:39,780 - DEBUG - прочили excel C:\Users\SilantevGN\Desktop\Образцы файлов для разбора\клетка-изолятор\что то 3.xlsx
2025-08-26 16:32:39,780 - DEBUG - прочили excel C:\Users\SilantevGN\Desktop\Образцы файлов для разбора\клетка-изолятор\что то 3.xlsx
2025-08-26 16:32:39,780 - DEBUG - прочили excel C:\Users\SilantevGN\Desktop\Образцы файлов для разбора\клетка-изолятор\что то 3.xlsx
2025-08-26 16:32:56,084 - DEBUG - прочили PDF C:\Users\SilantevGN\Desktop\Образцы файлов для разбора\клетка-изолятор\что то 2.pdf
2025-08-26 16:32:56,084 - DEBUG - прочили PDF C:\Users\SilantevGN\Desktop\Образцы файлов для разбора\клетка-изолятор\что то 2.pdf
2025-08-26 16:32:56,084 - DEBUG - прочили PDF C:\Users\SilantevGN\Desktop\Образцы файлов для разбора\клетка-изолятор\что то 2.pdf
2025-08-26 16:32:56,090 - DEBUG - прочили excel C:\Users\SilantevGN\Desktop\Образцы файлов для разбора\клетка-изолятор\что то 3.xlsx
2025-08-26 16:32:56,090 - DEBUG - прочили excel C:\Users\SilantevGN\Desktop\Образцы файлов для разбора\клетка-изолятор\что то 3.xlsx
2025-08-26 16:32:56,090 - DEBUG - прочили excel C:\Users\SilantevGN\Desktop\Образцы файлов для разбора\клетка-изолятор\что то 3.xlsx
2025-08-26 16:33:04,615 - DEBUG - прочили PDF C:\Users\SilantevGN\Desktop\Образцы файлов для разбора\клетка-изолятор\что то 2.pdf
2025-08-26 16:33:04,615 - DEBUG - прочили PDF C:\Users\SilantevGN\Desktop\Образцы файлов для разбора\клетка-изолятор\что то 2.pdf
2025-08-26 16:33:04,615 - DEBUG - прочили PDF C:\Users\SilantevGN\Desktop\Образцы файлов для разбора\клетка-изолятор\что то 2.pdf
2025-08-26 16:33:04,619 - DEBUG - прочили excel C:\Users\SilantevGN\Desktop\Образцы файлов для разбора\клетка-изолятор\что то 3.xlsx
2025-08-26 16:33:04,619 - DEBUG - прочили excel C:\Users\SilantevGN\Desktop\Образцы файлов для разбора\клетка-изолятор\что то 3.xlsx
2025-08-26 16:33:04,619 - DEBUG - прочили excel C:\Users\SilantevGN\Desktop\Образцы файлов для разбора\клетка-изолятор\что то 3.xlsx
2025-08-26 16:33:15,686 - DEBUG - прочили PDF C:\Users\SilantevGN\Desktop\Образцы файлов для разбора\клетка-изолятор\что то 2.pdf
2025-08-26 16:33:15,686 - DEBUG - прочили PDF C:\Users\SilantevGN\Desktop\Образцы файлов для разбора\клетка-изолятор\что то 2.pdf
2025-08-26 16:33:15,686 - DEBUG - прочили PDF C:\Users\SilantevGN\Desktop\Образцы файлов для разбора\клетка-изолятор\что то 2.pdf
2025-08-26 16:33:15,691 - DEBUG - прочили excel C:\Users\SilantevGN\Desktop\Образцы файлов для разбора\клетка-изолятор\что то 3.xlsx
2025-08-26 16:33:15,691 - DEBUG - прочили excel C:\Users\SilantevGN\Desktop\Образцы файлов для разбора\клетка-изолятор\что то 3.xlsx
2025-08-26 16:33:15,691 - DEBUG - прочили excel C:\Users\SilantevGN\Desktop\Образцы файлов для разбора\клетка-изолятор\что то 3.xlsx
2025-08-26 16:42:56,494 - DEBUG - === НАЧАЛО traverse_directory ===
2025-08-26 16:43:00,240 - DEBUG - прочили PDF C:\Users\SilantevGN\Desktop\Образцы файлов для разбора\клетка-изолятор\что то 2.pdf
2025-08-26 16:43:00,246 - DEBUG - прочили excel C:\Users\SilantevGN\Desktop\Образцы файлов для разбора\клетка-изолятор\что то 3.xlsx
2025-08-26 16:43:00,457 - DEBUG - === КОНЕЦ traverse_directory ===
2025-08-26 16:43:11,654 - DEBUG - === НАЧАЛО traverse_directory ===
2025-08-26 16:43:15,312 - DEBUG - прочили PDF C:\Users\SilantevGN\Desktop\Образцы файлов для разбора\клетка-изолятор\что то 2.pdf
2025-08-26 16:43:15,316 - DEBUG - прочили excel C:\Users\SilantevGN\Desktop\Образцы файлов для разбора\клетка-изолятор\что то 3.xlsx
2025-08-26 16:43:15,334 - DEBUG - === КОНЕЦ traverse_directory ===
2025-08-26 16:43:28,182 - DEBUG - === НАЧАЛО traverse_directory ===
2025-08-26 16:43:31,727 - DEBUG - прочили PDF C:\Users\SilantevGN\Desktop\Образцы файлов для разбора\клетка-изолятор\что то 2.pdf
2025-08-26 16:43:31,731 - DEBUG - прочили excel C:\Users\SilantevGN\Desktop\Образцы файлов для разбора\клетка-изолятор\что то 3.xlsx
2025-08-26 16:43:31,752 - DEBUG - === КОНЕЦ traverse_directory ===
2025-08-26 16:43:44,398 - DEBUG - === НАЧАЛО traverse_directory ===
2025-08-26 16:43:44,399 - DEBUG - прочили excel C:\Users\SilantevGN\Desktop\Образцы файлов для разбора\выдумка\1_СД 141000039162.xlsx
2025-08-26 16:43:44,463 - DEBUG - прочили excel C:\Users\SilantevGN\Desktop\Образцы файлов для разбора\выдумка\3_РПЗ 141000039162.xlsx
2025-08-26 16:43:48,114 - DEBUG - прочили PDF C:\Users\SilantevGN\Desktop\Образцы файлов для разбора\выдумка\7_ВД 141000039162.pdf
2025-08-26 16:43:48,121 - DEBUG - прочили excel C:\Users\SilantevGN\Desktop\Образцы файлов для разбора\выдумка\97454_13.3_02222 ЛСР GTSRG-1037-483-2025.xlsx
2025-08-26 16:43:48,147 - DEBUG - прочили excel C:\Users\SilantevGN\Desktop\Образцы файлов для разбора\выдумка\97454_13.3_02222 ССР GTSRG-1008-01-2026.xlsx
2025-08-26 16:43:48,177 - DEBUG - прочили excel C:\Users\SilantevGN\Desktop\Образцы файлов для разбора\выдумка\97454_7.3_00384 ВР ЛСР GTSRG-1031-75-2026.xlsx
2025-08-26 16:43:48,210 - DEBUG - прочили excel C:\Users\SilantevGN\Desktop\Образцы файлов для разбора\выдумка\97454_7.3_00384 ССР GTSRG-1031-76-2026-2.xlsx
2025-08-26 16:43:48,235 - DEBUG - прочили excel C:\Users\SilantevGN\Desktop\Образцы файлов для разбора\выдумка\97454_7.3_00384 ССР GTSRG-1031-76-2026.xlsx
2025-08-26 16:43:48,259 - DEBUG - прочили excel C:\Users\SilantevGN\Desktop\Образцы файлов для разбора\выдумка\ос-1619-26-КР.xlsx
2025-08-26 16:43:48,287 - DEBUG - прочили excel C:\Users\SilantevGN\Desktop\Образцы файлов для разбора\выдумка\Типовая смета 05-2026-2.xlsx
2025-08-26 16:43:48,431 - DEBUG - прочили excel C:\Users\SilantevGN\Desktop\Образцы файлов для разбора\выдумка\Типовая смета 05-2026-3.xlsx
2025-08-26 16:43:48,579 - DEBUG - прочили excel C:\Users\SilantevGN\Desktop\Образцы файлов для разбора\выдумка\Типовая смета 05-2026.xlsx
2025-08-26 16:43:48,723 - DEBUG - === КОНЕЦ traverse_directory ===
2025-08-26 16:44:07,822 - DEBUG - === НАЧАЛО traverse_directory ===
2025-08-26 16:44:11,365 - DEBUG - прочили PDF C:\Users\SilantevGN\Desktop\Образцы файлов для разбора\клетка-изолятор\что то 2.pdf
2025-08-26 16:44:11,369 - DEBUG - прочили excel C:\Users\SilantevGN\Desktop\Образцы файлов для разбора\клетка-изолятор\что то 3.xlsx
2025-08-26 16:44:11,390 - DEBUG - === КОНЕЦ traverse_directory ===
2025-08-26 16:45:31,844 - INFO - Скопирован: что то 2.pdf -> ССР-01-БАЗ-(ex. что то 2.pdf..).pdf
2025-08-26 16:45:31,846 - INFO - Скопирован: что то 3.xlsx -> ЛС-01-02-БАЗ-(ex. что то 3.xlsx..).xlsx
2025-08-26 17:34:26,718 - DEBUG - === НАЧАЛО traverse_directory ===
2025-08-26 17:34:26,719 - DEBUG - прочили excel C:\Users\SilantevGN\Desktop\Образцы файлов для разбора\фулхаус\50 9000129440 - Полный локальный сметный расчёт1.xlsx
2025-08-26 17:34:29,162 - DEBUG - прочили PDF C:\Users\SilantevGN\Desktop\Образцы файлов для разбора\фулхаус\97435.7-9400295505 Акт.pdf
2025-08-26 17:34:29,172 - DEBUG - прочили excel C:\Users\SilantevGN\Desktop\Образцы файлов для разбора\фулхаус\97435.7-9400295505 Расчет цены.xlsx
2025-08-26 17:34:29,203 - DEBUG - прочили excel C:\Users\SilantevGN\Desktop\Образцы файлов для разбора\фулхаус\97445_13.3_00310_Ресурсная выборка.xlsx
2025-08-26 17:34:31,388 - DEBUG - прочили PDF C:\Users\SilantevGN\Desktop\Образцы файлов для разбора\фулхаус\97445_13.3_00344_ДВ.pdf
2025-08-26 17:34:31,393 - DEBUG - прочили excel C:\Users\SilantevGN\Desktop\Образцы файлов для разбора\фулхаус\97445_13.3_00344_Локальная смета.xls
2025-08-26 17:34:34,160 - DEBUG - прочили PDF C:\Users\SilantevGN\Desktop\Образцы файлов для разбора\фулхаус\97445_13.3_00344_НТД и ФЗ_3.pdf
2025-08-26 17:34:36,397 - DEBUG - прочили PDF C:\Users\SilantevGN\Desktop\Образцы файлов для разбора\фулхаус\97445_13.3_00344_НТД и ФЗ_4.pdf
2025-08-26 17:34:36,402 - DEBUG - прочили excel C:\Users\SilantevGN\Desktop\Образцы файлов для разбора\фулхаус\97445_13.3_00344_Ресурсная выборка.xlsx
2025-08-26 17:34:38,329 - DEBUG - прочили PDF C:\Users\SilantevGN\Desktop\Образцы файлов для разбора\фулхаус\97445_13.3_00344_ТКП_КП от ООО КЛАС 2026(5).pdf
2025-08-26 17:34:40,488 - DEBUG - прочили PDF C:\Users\SilantevGN\Desktop\Образцы файлов для разбора\фулхаус\97445_13.3_00344_ТКП_ТКП ОВиК СЭГ-2025г.671-05 от 29.10.2024 г..pdf
2025-08-26 17:34:42,361 - DEBUG - прочили PDF C:\Users\SilantevGN\Desktop\Образцы файлов для разбора\фулхаус\97445_13.3_00344_ТКП_ТКП Ремсервис.pdf
2025-08-26 17:34:44,188 - DEBUG - прочили PDF C:\Users\SilantevGN\Desktop\Образцы файлов для разбора\фулхаус\97445_13.3_00344_ТКП_ТКП Стройтехнология.pdf
2025-08-26 17:34:44,192 - DEBUG - прочили excel C:\Users\SilantevGN\Desktop\Образцы файлов для разбора\фулхаус\97445_13.3_01837_Локальная смета.xls
2025-08-26 17:34:46,030 - DEBUG - прочили PDF C:\Users\SilantevGN\Desktop\Образцы файлов для разбора\фулхаус\97445_13.3_01936_ДВ.pdf
2025-08-26 17:34:47,420 - DEBUG - прочили PDF C:\Users\SilantevGN\Desktop\Образцы файлов для разбора\фулхаус\97445_13.3_01936_РД.pdf
2025-08-26 17:34:48,551 - DEBUG - прочили PDF C:\Users\SilantevGN\Desktop\Образцы файлов для разбора\фулхаус\97461_13.3_475470 97461_13.3_475470 ПОДТВЕРЖДЕНИЕ НА КОНДИЦИОНИРОВАНИЕ  ПЭБ.pdf
2025-08-26 17:34:49,671 - DEBUG - прочили PDF C:\Users\SilantevGN\Desktop\Образцы файлов для разбора\фулхаус\97461_13.3_475501 97461_13.3_475501 Подтверждение на Кондиционерование АБК.pdf
2025-08-26 17:34:49,675 - DEBUG - прочили excel C:\Users\SilantevGN\Desktop\Образцы файлов для разбора\фулхаус\Ведомость 1.3.1 ТОиТР 2026 30.01.2025.xlsx
2025-08-26 17:34:51,584 - DEBUG - прочили excel C:\Users\SilantevGN\Desktop\Образцы файлов для разбора\фулхаус\Прочие  расчеты 1.2.xlsx
2025-08-26 17:34:51,667 - DEBUG - прочили excel C:\Users\SilantevGN\Desktop\Образцы файлов для разбора\фулхаус\Прочие 073050.xls
2025-08-26 17:34:51,682 - DEBUG - прочили excel C:\Users\SilantevGN\Desktop\Образцы файлов для разбора\фулхаус\Прочие 073059.xls
2025-08-26 17:34:51,697 - DEBUG - прочили excel C:\Users\SilantevGN\Desktop\Образцы файлов для разбора\фулхаус\Прочие затраты.xlsx
2025-08-26 17:34:51,799 - DEBUG - прочили excel C:\Users\SilantevGN\Desktop\Образцы файлов для разбора\фулхаус\Прочие расходы.xlsx
2025-08-26 17:34:51,929 - DEBUG - прочили excel C:\Users\SilantevGN\Desktop\Образцы файлов для разбора\фулхаус\Прочие расчеты.xlsx
2025-08-26 17:34:52,018 - DEBUG - === КОНЕЦ traverse_directory ===
2025-08-26 17:36:21,258 - INFO - Скопирован: 50 9000129440 - Полный локальный сметный расчёт1.xlsx -> ЛС-12-13-БАЗ-(ex. 50 9000129440 -..).xlsx
2025-08-26 17:36:21,261 - INFO - Скопирован: 97445_13.3_00344_ДВ.pdf -> ПОДТВ-ДВ-1-БАЗ-(ex. 97445_13.3_0034...).pdf
2025-08-26 17:36:21,263 - INFO - Скопирован: 97445_13.3_00344_ТКП_КП от ООО КЛАС 2026(5).pdf -> ПОДТВ-КП-2-БАЗ-(ex. 97445_13.3_0034...).pdf
2025-08-26 17:36:21,267 - INFO - Скопирован: 97445_13.3_00344_ТКП_ТКП ОВиК СЭГ-2025г.671-05 от 29.10.2024 г..pdf -> ПОДТВ-ДВ-3-БАЗ-(ex. 97445_13.3_0034...).pdf
2025-08-26 17:36:21,272 - INFO - Скопирован: 97445_13.3_00344_ТКП_ТКП Ремсервис.pdf -> ПОДТВ-КП-4-БАЗ-(ex. 97445_13.3_0034...).pdf
2025-08-26 17:36:21,275 - INFO - Скопирован: 97445_13.3_00344_ТКП_ТКП Стройтехнология.pdf -> ПОДТВ-КП-5-БАЗ-(ex. 97445_13.3_0034...).pdf
2025-08-26 17:36:21,277 - INFO - Скопирован: 97445_13.3_01837_Локальная смета.xls -> ЛС-01-01-01-БАЗ-(ex. 97445_13.3_0183..).xls
2025-08-26 17:36:21,281 - INFO - Скопирован: 97445_13.3_01936_ДВ.pdf -> ПОДТВ-ДВ-6-БАЗ-(ex. 97445_13.3_0193...).pdf
2025-08-26 17:36:21,283 - INFO - Скопирован: Ведомость 1.3.1 ТОиТР 2026 30.01.2025.xlsx -> ПРОЧ-Транспортировка-БАЗ-(ex. Ведомость 1.3.1...).xlsx
2025-08-26 17:36:21,286 - INFO - Скопирован: Прочие  расчеты 1.2.xlsx -> ПРОЧ-Командировочные-БАЗ-(ex. Прочие  расчеты...).xlsx
2025-08-26 17:36:21,289 - INFO - Скопирован: Прочие 073050.xls -> ПРОЧ-Перевозка-БАЗ-(ex. Прочие 073050.x...).xls
2025-08-26 17:36:21,291 - INFO - Скопирован: Прочие 073059.xls -> ПРОЧ-Перевозка-БАЗ-(ex. Прочие 073059.x...).xls
2025-08-26 17:36:21,293 - INFO - Скопирован: Прочие затраты.xlsx -> ПРОЧ-Командировочные-БАЗ-(ex. Прочие затраты....).xlsx
2025-08-26 17:36:21,296 - INFO - Скопирован: Прочие расчеты.xlsx -> ПРОЧ-Командировочные-БАЗ-(ex. Прочие расчеты....).xlsx
