2025-08-29 15:10:29,939 - INFO - Скопировано: 50 9000129440 - Полный локальный сметный расчёт1.xlsx -> ЛС-12-13-БАЗ.xlsx
2025-08-29 15:10:29,939 - INFO - Скопировано: 50 9000129440 - Полный локальный сметный расчёт1.xlsx -> ЛС-12-13-БАЗ.xlsx
2025-08-29 15:10:29,939 - INFO - Скопировано: 50 9000129440 - Полный локальный сметный расчёт1.xlsx -> ЛС-12-13-БАЗ.xlsx
2025-08-29 15:10:29,939 - INFO - Скопировано: 50 9000129440 - Полный локальный сметный расчёт1.xlsx -> ЛС-12-13-БАЗ.xlsx
2025-08-29 15:10:29,944 - INFO - Скопировано: 97435.7-9400295505 Акт.pdf -> 97435.7-9400295505 Акт.pdf
2025-08-29 15:10:29,944 - INFO - Скопировано: 97435.7-9400295505 Акт.pdf -> 97435.7-9400295505 Акт.pdf
2025-08-29 15:10:29,944 - INFO - Скопировано: 97435.7-9400295505 Акт.pdf -> 97435.7-9400295505 Акт.pdf
2025-08-29 15:10:29,944 - INFO - Скопировано: 97435.7-9400295505 Акт.pdf -> 97435.7-9400295505 Акт.pdf
2025-08-29 15:10:29,948 - INFO - Скопировано: 97435.7-9400295505 Расчет цены.xlsx -> 97435.7-9400295505 Расчет цены.xlsx
2025-08-29 15:10:29,948 - INFO - Скопировано: 97435.7-9400295505 Расчет цены.xlsx -> 97435.7-9400295505 Расчет цены.xlsx
2025-08-29 15:10:29,948 - INFO - Скопировано: 97435.7-9400295505 Расчет цены.xlsx -> 97435.7-9400295505 Расчет цены.xlsx
2025-08-29 15:10:29,948 - INFO - Скопировано: 97435.7-9400295505 Расчет цены.xlsx -> 97435.7-9400295505 Расчет цены.xlsx
2025-08-29 15:10:29,953 - INFO - Скопировано: 97445_13.3_00310_Ресурсная выборка.xlsx -> 97445_13.3_00310_Ресурсная выборка.xlsx
2025-08-29 15:10:29,953 - INFO - Скопировано: 97445_13.3_00310_Ресурсная выборка.xlsx -> 97445_13.3_00310_Ресурсная выборка.xlsx
2025-08-29 15:10:29,953 - INFO - Скопировано: 97445_13.3_00310_Ресурсная выборка.xlsx -> 97445_13.3_00310_Ресурсная выборка.xlsx
2025-08-29 15:10:29,953 - INFO - Скопировано: 97445_13.3_00310_Ресурсная выборка.xlsx -> 97445_13.3_00310_Ресурсная выборка.xlsx
2025-08-29 15:10:29,961 - INFO - Скопировано: 97445_13.3_00344_ДВ.pdf -> ПОДТВ-ДВ-1-БАЗ.pdf
2025-08-29 15:10:29,961 - INFO - Скопировано: 97445_13.3_00344_ДВ.pdf -> ПОДТВ-ДВ-1-БАЗ.pdf
2025-08-29 15:10:29,961 - INFO - Скопировано: 97445_13.3_00344_ДВ.pdf -> ПОДТВ-ДВ-1-БАЗ.pdf
2025-08-29 15:10:29,961 - INFO - Скопировано: 97445_13.3_00344_ДВ.pdf -> ПОДТВ-ДВ-1-БАЗ.pdf
2025-08-29 15:10:29,966 - INFO - Скопировано: 97445_13.3_00344_Локальная смета.gsfx -> 97445_13.3_00344_Локальная смета.gsfx
2025-08-29 15:10:29,966 - INFO - Скопировано: 97445_13.3_00344_Локальная смета.gsfx -> 97445_13.3_00344_Локальная смета.gsfx
2025-08-29 15:10:29,966 - INFO - Скопировано: 97445_13.3_00344_Локальная смета.gsfx -> 97445_13.3_00344_Локальная смета.gsfx
2025-08-29 15:10:29,966 - INFO - Скопировано: 97445_13.3_00344_Локальная смета.gsfx -> 97445_13.3_00344_Локальная смета.gsfx
2025-08-29 15:10:29,969 - INFO - Скопировано: 97445_13.3_00344_Локальная смета.pdf -> 97445_13.3_00344_Локальная смета.pdf
2025-08-29 15:10:29,969 - INFO - Скопировано: 97445_13.3_00344_Локальная смета.pdf -> 97445_13.3_00344_Локальная смета.pdf
2025-08-29 15:10:29,969 - INFO - Скопировано: 97445_13.3_00344_Локальная смета.pdf -> 97445_13.3_00344_Локальная смета.pdf
2025-08-29 15:10:29,969 - INFO - Скопировано: 97445_13.3_00344_Локальная смета.pdf -> 97445_13.3_00344_Локальная смета.pdf
2025-08-29 15:10:29,972 - INFO - Скопировано: 97445_13.3_00344_Локальная смета.xls -> 97445_13.3_00344_Локальная смета.xls
2025-08-29 15:10:29,972 - INFO - Скопировано: 97445_13.3_00344_Локальная смета.xls -> 97445_13.3_00344_Локальная смета.xls
2025-08-29 15:10:29,972 - INFO - Скопировано: 97445_13.3_00344_Локальная смета.xls -> 97445_13.3_00344_Локальная смета.xls
2025-08-29 15:10:29,972 - INFO - Скопировано: 97445_13.3_00344_Локальная смета.xls -> 97445_13.3_00344_Локальная смета.xls
2025-08-29 15:10:29,982 - INFO - Скопировано: 97445_13.3_00344_НТД и ФЗ_4.pdf -> 97445_13.3_00344_НТД и ФЗ_4.pdf
2025-08-29 15:10:29,982 - INFO - Скопировано: 97445_13.3_00344_НТД и ФЗ_4.pdf -> 97445_13.3_00344_НТД и ФЗ_4.pdf
2025-08-29 15:10:29,982 - INFO - Скопировано: 97445_13.3_00344_НТД и ФЗ_4.pdf -> 97445_13.3_00344_НТД и ФЗ_4.pdf
2025-08-29 15:10:29,982 - INFO - Скопировано: 97445_13.3_00344_НТД и ФЗ_4.pdf -> 97445_13.3_00344_НТД и ФЗ_4.pdf
2025-08-29 15:10:29,985 - INFO - Скопировано: 97445_13.3_00344_Ресурсная выборка.xlsx -> 97445_13.3_00344_Ресурсная выборка.xlsx
2025-08-29 15:10:29,985 - INFO - Скопировано: 97445_13.3_00344_Ресурсная выборка.xlsx -> 97445_13.3_00344_Ресурсная выборка.xlsx
2025-08-29 15:10:29,985 - INFO - Скопировано: 97445_13.3_00344_Ресурсная выборка.xlsx -> 97445_13.3_00344_Ресурсная выборка.xlsx
2025-08-29 15:10:29,985 - INFO - Скопировано: 97445_13.3_00344_Ресурсная выборка.xlsx -> 97445_13.3_00344_Ресурсная выборка.xlsx
2025-08-29 15:10:29,988 - INFO - Скопировано: 97445_13.3_00344_ТКП_КП от ООО КЛАС 2026(5).pdf -> ПОДТВ-КП-1-БАЗ.pdf
2025-08-29 15:10:29,988 - INFO - Скопировано: 97445_13.3_00344_ТКП_КП от ООО КЛАС 2026(5).pdf -> ПОДТВ-КП-1-БАЗ.pdf
2025-08-29 15:10:29,988 - INFO - Скопировано: 97445_13.3_00344_ТКП_КП от ООО КЛАС 2026(5).pdf -> ПОДТВ-КП-1-БАЗ.pdf
2025-08-29 15:10:29,988 - INFO - Скопировано: 97445_13.3_00344_ТКП_КП от ООО КЛАС 2026(5).pdf -> ПОДТВ-КП-1-БАЗ.pdf
2025-08-29 15:10:29,994 - INFO - Скопировано: 97445_13.3_00344_ТКП_ТКП ОВиК СЭГ-2025г.671-05 от 29.10.2024 г..pdf -> ПОДТВ-КП-2-БАЗ.pdf
2025-08-29 15:10:29,994 - INFO - Скопировано: 97445_13.3_00344_ТКП_ТКП ОВиК СЭГ-2025г.671-05 от 29.10.2024 г..pdf -> ПОДТВ-КП-2-БАЗ.pdf
2025-08-29 15:10:29,994 - INFO - Скопировано: 97445_13.3_00344_ТКП_ТКП ОВиК СЭГ-2025г.671-05 от 29.10.2024 г..pdf -> ПОДТВ-КП-2-БАЗ.pdf
2025-08-29 15:10:29,994 - INFO - Скопировано: 97445_13.3_00344_ТКП_ТКП ОВиК СЭГ-2025г.671-05 от 29.10.2024 г..pdf -> ПОДТВ-КП-2-БАЗ.pdf
2025-08-29 15:10:29,999 - INFO - Скопировано: 97445_13.3_00344_ТКП_ТКП Ремсервис.pdf -> ПОДТВ-КП-3-БАЗ.pdf
2025-08-29 15:10:29,999 - INFO - Скопировано: 97445_13.3_00344_ТКП_ТКП Ремсервис.pdf -> ПОДТВ-КП-3-БАЗ.pdf
2025-08-29 15:10:29,999 - INFO - Скопировано: 97445_13.3_00344_ТКП_ТКП Ремсервис.pdf -> ПОДТВ-КП-3-БАЗ.pdf
2025-08-29 15:10:29,999 - INFO - Скопировано: 97445_13.3_00344_ТКП_ТКП Ремсервис.pdf -> ПОДТВ-КП-3-БАЗ.pdf
2025-08-29 15:10:30,003 - INFO - Скопировано: 97445_13.3_00344_ТКП_ТКП Стройтехнология.pdf -> ПОДТВ-КП-4-БАЗ.pdf
2025-08-29 15:10:30,003 - INFO - Скопировано: 97445_13.3_00344_ТКП_ТКП Стройтехнология.pdf -> ПОДТВ-КП-4-БАЗ.pdf
2025-08-29 15:10:30,003 - INFO - Скопировано: 97445_13.3_00344_ТКП_ТКП Стройтехнология.pdf -> ПОДТВ-КП-4-БАЗ.pdf
2025-08-29 15:10:30,003 - INFO - Скопировано: 97445_13.3_00344_ТКП_ТКП Стройтехнология.pdf -> ПОДТВ-КП-4-БАЗ.pdf
2025-08-29 15:10:30,006 - INFO - Скопировано: 97445_13.3_01837_Локальная смета.xls -> ЛС-01-01-01-БАЗ.xls
2025-08-29 15:10:30,006 - INFO - Скопировано: 97445_13.3_01837_Локальная смета.xls -> ЛС-01-01-01-БАЗ.xls
2025-08-29 15:10:30,006 - INFO - Скопировано: 97445_13.3_01837_Локальная смета.xls -> ЛС-01-01-01-БАЗ.xls
2025-08-29 15:10:30,006 - INFO - Скопировано: 97445_13.3_01837_Локальная смета.xls -> ЛС-01-01-01-БАЗ.xls
2025-08-29 15:10:30,010 - INFO - Скопировано: 97445_13.3_01936_ДВ.pdf -> ПОДТВ-ДВ-2-БАЗ.pdf
2025-08-29 15:10:30,010 - INFO - Скопировано: 97445_13.3_01936_ДВ.pdf -> ПОДТВ-ДВ-2-БАЗ.pdf
2025-08-29 15:10:30,010 - INFO - Скопировано: 97445_13.3_01936_ДВ.pdf -> ПОДТВ-ДВ-2-БАЗ.pdf
2025-08-29 15:10:30,010 - INFO - Скопировано: 97445_13.3_01936_ДВ.pdf -> ПОДТВ-ДВ-2-БАЗ.pdf
2025-08-29 15:10:30,015 - INFO - Скопировано: 97445_13.3_01936_РД.pdf -> 97445_13.3_01936_РД.pdf
2025-08-29 15:10:30,015 - INFO - Скопировано: 97445_13.3_01936_РД.pdf -> 97445_13.3_01936_РД.pdf
2025-08-29 15:10:30,015 - INFO - Скопировано: 97445_13.3_01936_РД.pdf -> 97445_13.3_01936_РД.pdf
2025-08-29 15:10:30,015 - INFO - Скопировано: 97445_13.3_01936_РД.pdf -> 97445_13.3_01936_РД.pdf
2025-08-29 15:10:30,047 - INFO - Скопировано: 97461_13.3_475470 97461_13.3_475470 ПОДТВЕРЖДЕНИЕ НА КОНДИЦИОНИРОВАНИЕ  ПЭБ.pdf -> 97461_13.3_475470 97461_13.3_475470 ПОДТВЕРЖДЕНИЕ НА КОНДИЦИОНИРОВАНИЕ  ПЭБ.pdf
2025-08-29 15:10:30,047 - INFO - Скопировано: 97461_13.3_475470 97461_13.3_475470 ПОДТВЕРЖДЕНИЕ НА КОНДИЦИОНИРОВАНИЕ  ПЭБ.pdf -> 97461_13.3_475470 97461_13.3_475470 ПОДТВЕРЖДЕНИЕ НА КОНДИЦИОНИРОВАНИЕ  ПЭБ.pdf
2025-08-29 15:10:30,047 - INFO - Скопировано: 97461_13.3_475470 97461_13.3_475470 ПОДТВЕРЖДЕНИЕ НА КОНДИЦИОНИРОВАНИЕ  ПЭБ.pdf -> 97461_13.3_475470 97461_13.3_475470 ПОДТВЕРЖДЕНИЕ НА КОНДИЦИОНИРОВАНИЕ  ПЭБ.pdf
2025-08-29 15:10:30,047 - INFO - Скопировано: 97461_13.3_475470 97461_13.3_475470 ПОДТВЕРЖДЕНИЕ НА КОНДИЦИОНИРОВАНИЕ  ПЭБ.pdf -> 97461_13.3_475470 97461_13.3_475470 ПОДТВЕРЖДЕНИЕ НА КОНДИЦИОНИРОВАНИЕ  ПЭБ.pdf
2025-08-29 15:10:30,078 - INFO - Скопировано: 97461_13.3_475501 97461_13.3_475501 Подтверждение на Кондиционерование АБК.pdf -> 97461_13.3_475501 97461_13.3_475501 Подтверждение на Кондиционерование АБК.pdf
2025-08-29 15:10:30,078 - INFO - Скопировано: 97461_13.3_475501 97461_13.3_475501 Подтверждение на Кондиционерование АБК.pdf -> 97461_13.3_475501 97461_13.3_475501 Подтверждение на Кондиционерование АБК.pdf
2025-08-29 15:10:30,078 - INFO - Скопировано: 97461_13.3_475501 97461_13.3_475501 Подтверждение на Кондиционерование АБК.pdf -> 97461_13.3_475501 97461_13.3_475501 Подтверждение на Кондиционерование АБК.pdf
2025-08-29 15:10:30,078 - INFO - Скопировано: 97461_13.3_475501 97461_13.3_475501 Подтверждение на Кондиционерование АБК.pdf -> 97461_13.3_475501 97461_13.3_475501 Подтверждение на Кондиционерование АБК.pdf
2025-08-29 15:10:30,083 - INFO - Скопировано: Ведомость 1.3.1 ТОиТР 2026 30.01.2025.xlsx -> ПРОЧ-Транспортировка-БАЗ.xlsx
2025-08-29 15:10:30,083 - INFO - Скопировано: Ведомость 1.3.1 ТОиТР 2026 30.01.2025.xlsx -> ПРОЧ-Транспортировка-БАЗ.xlsx
2025-08-29 15:10:30,083 - INFO - Скопировано: Ведомость 1.3.1 ТОиТР 2026 30.01.2025.xlsx -> ПРОЧ-Транспортировка-БАЗ.xlsx
2025-08-29 15:10:30,083 - INFO - Скопировано: Ведомость 1.3.1 ТОиТР 2026 30.01.2025.xlsx -> ПРОЧ-Транспортировка-БАЗ.xlsx
2025-08-29 15:10:30,087 - INFO - Скопировано: Прочие  расчеты 1.2.xlsx -> ПРОЧ-Командировочные-БАЗ.xlsx
2025-08-29 15:10:30,087 - INFO - Скопировано: Прочие  расчеты 1.2.xlsx -> ПРОЧ-Командировочные-БАЗ.xlsx
2025-08-29 15:10:30,087 - INFO - Скопировано: Прочие  расчеты 1.2.xlsx -> ПРОЧ-Командировочные-БАЗ.xlsx
2025-08-29 15:10:30,087 - INFO - Скопировано: Прочие  расчеты 1.2.xlsx -> ПРОЧ-Командировочные-БАЗ.xlsx
2025-08-29 15:10:30,090 - INFO - Скопировано: Прочие 073050.xls -> ПРОЧ-Перевозка-БАЗ.xls
2025-08-29 15:10:30,090 - INFO - Скопировано: Прочие 073050.xls -> ПРОЧ-Перевозка-БАЗ.xls
2025-08-29 15:10:30,090 - INFO - Скопировано: Прочие 073050.xls -> ПРОЧ-Перевозка-БАЗ.xls
2025-08-29 15:10:30,090 - INFO - Скопировано: Прочие 073050.xls -> ПРОЧ-Перевозка-БАЗ.xls
2025-08-29 15:10:30,093 - INFO - Скопировано: Прочие 073059.xls -> ПРОЧ-Перевозка-2-БАЗ.xls
2025-08-29 15:10:30,093 - INFO - Скопировано: Прочие 073059.xls -> ПРОЧ-Перевозка-2-БАЗ.xls
2025-08-29 15:10:30,093 - INFO - Скопировано: Прочие 073059.xls -> ПРОЧ-Перевозка-2-БАЗ.xls
2025-08-29 15:10:30,093 - INFO - Скопировано: Прочие 073059.xls -> ПРОЧ-Перевозка-2-БАЗ.xls
2025-08-29 15:10:30,098 - INFO - Скопировано: Прочие затраты.xlsx -> ПРОЧ-Командировочные-2-БАЗ.xlsx
2025-08-29 15:10:30,098 - INFO - Скопировано: Прочие затраты.xlsx -> ПРОЧ-Командировочные-2-БАЗ.xlsx
2025-08-29 15:10:30,098 - INFO - Скопировано: Прочие затраты.xlsx -> ПРОЧ-Командировочные-2-БАЗ.xlsx
2025-08-29 15:10:30,098 - INFO - Скопировано: Прочие затраты.xlsx -> ПРОЧ-Командировочные-2-БАЗ.xlsx
2025-08-29 15:10:30,101 - INFO - Скопировано: Прочие расчеты.xlsx -> ПРОЧ-Командировочные-3-БАЗ.xlsx
2025-08-29 15:10:30,101 - INFO - Скопировано: Прочие расчеты.xlsx -> ПРОЧ-Командировочные-3-БАЗ.xlsx
2025-08-29 15:10:30,101 - INFO - Скопировано: Прочие расчеты.xlsx -> ПРОЧ-Командировочные-3-БАЗ.xlsx
2025-08-29 15:10:30,101 - INFO - Скопировано: Прочие расчеты.xlsx -> ПРОЧ-Командировочные-3-БАЗ.xlsx
